[2026-02-04T06:42:17.546Z] Plugin initialized: 0 commands []
[2026-02-04T06:42:17.663Z] Registered /subtask command
[2026-02-04T06:42:31.493Z] message-hooks: ENTRY msgCount=1, sessions=ses_3d89c9d12ffeQr4XZHZaCRksV5
[2026-02-04T06:42:31.493Z] message-hooks: MESSAGES: [0]user: text:"why isn't @index.html not loading the im...", file, text:"Called the Read tool with the following ..."(syn), text:"<file>
00001| <!DOCTYPE html>
00002| <ht..."(syn)
[2026-02-04T06:42:31.493Z] message-hooks: post-filter, msgCount=1
[2026-02-04T06:42:31.493Z] message-hooks: about to search for OPENCODE_GENERIC
[2026-02-04T06:42:31.493Z] message-hooks: searching 1 messages for OPENCODE_GENERIC
[2026-02-04T06:42:31.493Z] message-hooks: found synthetic text at [0]: "Called the Read tool with the following input: {"f..." matches=false
[2026-02-04T06:42:31.493Z] message-hooks: found synthetic text at [0]: "<file>
00001| <!DOCTYPE html>
00002| <html lang="e..." matches=false
[2026-02-04T06:42:31.493Z] message-hooks: generic search complete, found=false, index=-1
[2026-02-04T06:42:31.493Z] message-hooks: no generic part found, checking for pending prompt return
[2026-02-04T06:42:39.971Z] message-hooks: ENTRY msgCount=2, sessions=ses_3d89c9d12ffeQr4XZHZaCRksV5
[2026-02-04T06:42:39.971Z] message-hooks: MESSAGES: [0]user: text:"why isn't @index.html not loading the im...", file, text:"Called the Read tool with the following ..."(syn), text:"<file>
00001| <!DOCTYPE html>
00002| <ht..."(syn) | [1]assistant: step-start, reasoning, tool:completed, step-finish
[2026-02-04T06:42:39.971Z] message-hooks: post-filter, msgCount=2
[2026-02-04T06:42:39.971Z] message-hooks: about to search for OPENCODE_GENERIC
[2026-02-04T06:42:39.971Z] message-hooks: searching 2 messages for OPENCODE_GENERIC
[2026-02-04T06:42:39.971Z] message-hooks: found synthetic text at [0]: "Called the Read tool with the following input: {"f..." matches=false
[2026-02-04T06:42:39.971Z] message-hooks: found synthetic text at [0]: "<file>
00001| <!DOCTYPE html>
00002| <html lang="e..." matches=false
[2026-02-04T06:42:39.971Z] message-hooks: generic search complete, found=false, index=-1
[2026-02-04T06:42:39.971Z] message-hooks: no generic part found, checking for pending prompt return
[2026-02-04T06:42:46.955Z] message-hooks: ENTRY msgCount=3, sessions=ses_3d89c9d12ffeQr4XZHZaCRksV5
[2026-02-04T06:42:46.955Z] message-hooks: MESSAGES: [0]user: text:"why isn't @index.html not loading the im...", file, text:"Called the Read tool with the following ..."(syn), text:"<file>
00001| <!DOCTYPE html>
00002| <ht..."(syn) | [1]assistant: step-start, reasoning, tool:completed, step-finish | [2]assistant: step-start, reasoning, tool:completed, step-finish
[2026-02-04T06:42:46.955Z] message-hooks: post-filter, msgCount=3
[2026-02-04T06:42:46.955Z] message-hooks: about to search for OPENCODE_GENERIC
[2026-02-04T06:42:46.955Z] message-hooks: searching 3 messages for OPENCODE_GENERIC
[2026-02-04T06:42:46.955Z] message-hooks: found synthetic text at [0]: "Called the Read tool with the following input: {"f..." matches=false
[2026-02-04T06:42:46.955Z] message-hooks: found synthetic text at [0]: "<file>
00001| <!DOCTYPE html>
00002| <html lang="e..." matches=false
[2026-02-04T06:42:46.955Z] message-hooks: generic search complete, found=false, index=-1
[2026-02-04T06:42:46.955Z] message-hooks: no generic part found, checking for pending prompt return
[2026-02-04T06:43:08.458Z] message-hooks: ENTRY msgCount=4, sessions=ses_3d89c9d12ffeQr4XZHZaCRksV5
[2026-02-04T06:43:08.458Z] message-hooks: MESSAGES: [0]user: text:"why isn't @index.html not loading the im...", file, text:"Called the Read tool with the following ..."(syn), text:"<file>
00001| <!DOCTYPE html>
00002| <ht..."(syn) | [1]assistant: step-start, reasoning, tool:completed, step-finish | [2]assistant: step-start, reasoning, tool:completed, step-finish | [3]assistant: step-start, reasoning, tool:completed, step-finish
[2026-02-04T06:43:08.458Z] message-hooks: post-filter, msgCount=4
[2026-02-04T06:43:08.458Z] message-hooks: about to search for OPENCODE_GENERIC
[2026-02-04T06:43:08.458Z] message-hooks: searching 4 messages for OPENCODE_GENERIC
[2026-02-04T06:43:08.458Z] message-hooks: found synthetic text at [0]: "Called the Read tool with the following input: {"f..." matches=false
[2026-02-04T06:43:08.458Z] message-hooks: found synthetic text at [0]: "<file>
00001| <!DOCTYPE html>
00002| <html lang="e..." matches=false
[2026-02-04T06:43:08.458Z] message-hooks: generic search complete, found=false, index=-1
[2026-02-04T06:43:08.458Z] message-hooks: no generic part found, checking for pending prompt return
[2026-02-04T06:43:23.148Z] message-hooks: ENTRY msgCount=5, sessions=ses_3d89c9d12ffeQr4XZHZaCRksV5
[2026-02-04T06:43:23.149Z] message-hooks: MESSAGES: [0]user: text:"why isn't @index.html not loading the im...", file, text:"Called the Read tool with the following ..."(syn), text:"<file>
00001| <!DOCTYPE html>
00002| <ht..."(syn) | [1]assistant: step-start, reasoning, tool:completed, step-finish | [2]assistant: step-start, reasoning, tool:completed, step-finish | [3]assistant: step-start, reasoning, tool:completed, step-finish | [4]assistant: step-start, reasoning, tool:completed, step-finish
[2026-02-04T06:43:23.149Z] message-hooks: post-filter, msgCount=5
[2026-02-04T06:43:23.149Z] message-hooks: about to search for OPENCODE_GENERIC
[2026-02-04T06:43:23.149Z] message-hooks: searching 5 messages for OPENCODE_GENERIC
[2026-02-04T06:43:23.149Z] message-hooks: found synthetic text at [0]: "Called the Read tool with the following input: {"f..." matches=false
[2026-02-04T06:43:23.149Z] message-hooks: found synthetic text at [0]: "<file>
00001| <!DOCTYPE html>
00002| <html lang="e..." matches=false
[2026-02-04T06:43:23.149Z] message-hooks: generic search complete, found=false, index=-1
[2026-02-04T06:43:23.149Z] message-hooks: no generic part found, checking for pending prompt return
[2026-02-04T06:43:37.513Z] message-hooks: ENTRY msgCount=6, sessions=ses_3d89c9d12ffeQr4XZHZaCRksV5
[2026-02-04T06:43:37.513Z] message-hooks: MESSAGES: [0]user: text:"why isn't @index.html not loading the im...", file, text:"Called the Read tool with the following ..."(syn), text:"<file>
00001| <!DOCTYPE html>
00002| <ht..."(syn) | [1]assistant: step-start, reasoning, tool:completed, step-finish | [2]assistant: step-start, reasoning, tool:completed, step-finish | [3]assistant: step-start, reasoning, tool:completed, step-finish | [4]assistant: step-start, reasoning, tool:completed, step-finish | [5]assistant: step-start, reasoning, tool:completed, step-finish
[2026-02-04T06:43:37.513Z] message-hooks: post-filter, msgCount=6
[2026-02-04T06:43:37.513Z] message-hooks: about to search for OPENCODE_GENERIC
[2026-02-04T06:43:37.513Z] message-hooks: searching 6 messages for OPENCODE_GENERIC
[2026-02-04T06:43:37.513Z] message-hooks: found synthetic text at [0]: "Called the Read tool with the following input: {"f..." matches=false
[2026-02-04T06:43:37.513Z] message-hooks: found synthetic text at [0]: "<file>
00001| <!DOCTYPE html>
00002| <html lang="e..." matches=false
[2026-02-04T06:43:37.513Z] message-hooks: generic search complete, found=false, index=-1
[2026-02-04T06:43:37.513Z] message-hooks: no generic part found, checking for pending prompt return
[2026-02-04T06:43:43.053Z] message-hooks: ENTRY msgCount=7, sessions=ses_3d89c9d12ffeQr4XZHZaCRksV5
[2026-02-04T06:43:43.053Z] message-hooks: MESSAGES: [0]user: text:"why isn't @index.html not loading the im...", file, text:"Called the Read tool with the following ..."(syn), text:"<file>
00001| <!DOCTYPE html>
00002| <ht..."(syn) | [1]assistant: step-start, reasoning, tool:completed, step-finish | [2]assistant: step-start, reasoning, tool:completed, step-finish | [3]assistant: step-start, reasoning, tool:completed, step-finish | [4]assistant: step-start, reasoning, tool:completed, step-finish | [5]assistant: step-start, reasoning, tool:completed, step-finish | [6]assistant: step-start, reasoning, tool:completed, step-finish
[2026-02-04T06:43:43.053Z] message-hooks: post-filter, msgCount=7
[2026-02-04T06:43:43.053Z] message-hooks: about to search for OPENCODE_GENERIC
[2026-02-04T06:43:43.053Z] message-hooks: searching 7 messages for OPENCODE_GENERIC
[2026-02-04T06:43:43.053Z] message-hooks: found synthetic text at [0]: "Called the Read tool with the following input: {"f..." matches=false
[2026-02-04T06:43:43.053Z] message-hooks: found synthetic text at [0]: "<file>
00001| <!DOCTYPE html>
00002| <html lang="e..." matches=false
[2026-02-04T06:43:43.053Z] message-hooks: generic search complete, found=false, index=-1
[2026-02-04T06:43:43.053Z] message-hooks: no generic part found, checking for pending prompt return
[2026-02-04T06:43:54.271Z] message-hooks: ENTRY msgCount=8, sessions=ses_3d89c9d12ffeQr4XZHZaCRksV5
[2026-02-04T06:43:54.271Z] message-hooks: MESSAGES: [0]user: text:"why isn't @index.html not loading the im...", file, text:"Called the Read tool with the following ..."(syn), text:"<file>
00001| <!DOCTYPE html>
00002| <ht..."(syn) | [1]assistant: step-start, reasoning, tool:completed, step-finish | [2]assistant: step-start, reasoning, tool:completed, step-finish | [3]assistant: step-start, reasoning, tool:completed, step-finish | [4]assistant: step-start, reasoning, tool:completed, step-finish | [5]assistant: step-start, reasoning, tool:completed, step-finish | [6]assistant: step-start, reasoning, tool:completed, step-finish | [7]assistant: step-start, reasoning, tool:completed, step-finish, patch
[2026-02-04T06:43:54.271Z] message-hooks: post-filter, msgCount=8
[2026-02-04T06:43:54.271Z] message-hooks: about to search for OPENCODE_GENERIC
[2026-02-04T06:43:54.271Z] message-hooks: searching 8 messages for OPENCODE_GENERIC
[2026-02-04T06:43:54.271Z] message-hooks: found synthetic text at [0]: "Called the Read tool with the following input: {"f..." matches=false
[2026-02-04T06:43:54.271Z] message-hooks: found synthetic text at [0]: "<file>
00001| <!DOCTYPE html>
00002| <html lang="e..." matches=false
[2026-02-04T06:43:54.271Z] message-hooks: generic search complete, found=false, index=-1
[2026-02-04T06:43:54.271Z] message-hooks: no generic part found, checking for pending prompt return
[2026-02-04T06:44:00.027Z] message-hooks: ENTRY msgCount=9, sessions=ses_3d89c9d12ffeQr4XZHZaCRksV5
[2026-02-04T06:44:00.027Z] message-hooks: MESSAGES: [0]user: text:"why isn't @index.html not loading the im...", file, text:"Called the Read tool with the following ..."(syn), text:"<file>
00001| <!DOCTYPE html>
00002| <ht..."(syn) | [1]assistant: step-start, reasoning, tool:completed, step-finish | [2]assistant: step-start, reasoning, tool:completed, step-finish | [3]assistant: step-start, reasoning, tool:completed, step-finish | [4]assistant: step-start, reasoning, tool:completed, step-finish | [5]assistant: step-start, reasoning, tool:completed, step-finish | [6]assistant: step-start, reasoning, tool:completed, step-finish | [7]assistant: step-start, reasoning, tool:completed, step-finish, patch | [8]assistant: step-start, reasoning, tool:completed, step-finish, patch
[2026-02-04T06:44:00.027Z] message-hooks: post-filter, msgCount=9
[2026-02-04T06:44:00.027Z] message-hooks: about to search for OPENCODE_GENERIC
[2026-02-04T06:44:00.027Z] message-hooks: searching 9 messages for OPENCODE_GENERIC
[2026-02-04T06:44:00.027Z] message-hooks: found synthetic text at [0]: "Called the Read tool with the following input: {"f..." matches=false
[2026-02-04T06:44:00.027Z] message-hooks: found synthetic text at [0]: "<file>
00001| <!DOCTYPE html>
00002| <html lang="e..." matches=false
[2026-02-04T06:44:00.027Z] message-hooks: generic search complete, found=false, index=-1
[2026-02-04T06:44:00.027Z] message-hooks: no generic part found, checking for pending prompt return
[2026-02-04T06:44:06.573Z] message-hooks: ENTRY msgCount=10, sessions=ses_3d89c9d12ffeQr4XZHZaCRksV5
[2026-02-04T06:44:06.573Z] message-hooks: MESSAGES: [0]user: text:"why isn't @index.html not loading the im...", file, text:"Called the Read tool with the following ..."(syn), text:"<file>
00001| <!DOCTYPE html>
00002| <ht..."(syn) | [1]assistant: step-start, reasoning, tool:completed, step-finish | [2]assistant: step-start, reasoning, tool:completed, step-finish | [3]assistant: step-start, reasoning, tool:completed, step-finish | [4]assistant: step-start, reasoning, tool:completed, step-finish | [5]assistant: step-start, reasoning, tool:completed, step-finish | [6]assistant: step-start, reasoning, tool:completed, step-finish | [7]assistant: step-start, reasoning, tool:completed, step-finish, patch | [8]assistant: step-start, reasoning, tool:completed, step-finish, patch | [9]assistant: step-start, reasoning, tool:completed, step-finish
[2026-02-04T06:44:06.573Z] message-hooks: post-filter, msgCount=10
[2026-02-04T06:44:06.573Z] message-hooks: about to search for OPENCODE_GENERIC
[2026-02-04T06:44:06.573Z] message-hooks: searching 10 messages for OPENCODE_GENERIC
[2026-02-04T06:44:06.573Z] message-hooks: found synthetic text at [0]: "Called the Read tool with the following input: {"f..." matches=false
[2026-02-04T06:44:06.573Z] message-hooks: found synthetic text at [0]: "<file>
00001| <!DOCTYPE html>
00002| <html lang="e..." matches=false
[2026-02-04T06:44:06.573Z] message-hooks: generic search complete, found=false, index=-1
[2026-02-04T06:44:06.573Z] message-hooks: no generic part found, checking for pending prompt return
[2026-02-04T06:44:14.838Z] session.idle: sessionID=ses_3d89c9d12ffeQr4XZHZaCRksV5
[2026-02-04T06:44:48.702Z] message-hooks: ENTRY msgCount=12, sessions=ses_3d89c9d12ffeQr4XZHZaCRksV5
[2026-02-04T06:44:48.702Z] message-hooks: MESSAGES: [0]user: text:"why isn't @index.html not loading the im...", file, text:"Called the Read tool with the following ..."(syn), text:"<file>
00001| <!DOCTYPE html>
00002| <ht..."(syn) | [1]assistant: step-start, reasoning, tool:completed, step-finish | [2]assistant: step-start, reasoning, tool:completed, step-finish | [3]assistant: step-start, reasoning, tool:completed, step-finish | [4]assistant: step-start, reasoning, tool:completed, step-finish | [5]assistant: step-start, reasoning, tool:completed, step-finish | [6]assistant: step-start, reasoning, tool:completed, step-finish | [7]assistant: step-start, reasoning, tool:completed, step-finish, patch | [8]assistant: step-start, reasoning, tool:completed, step-finish, patch | [9]assistant: step-start, reasoning, tool:completed, step-finish | [10]assistant: step-start, reasoning, text:"The images were likely not loading becau...", reasoning, step-finish | [11]user: text:"hero mountain is loading but the rest is..."
[2026-02-04T06:44:48.702Z] message-hooks: post-filter, msgCount=12
[2026-02-04T06:44:48.702Z] message-hooks: about to search for OPENCODE_GENERIC
[2026-02-04T06:44:48.702Z] message-hooks: searching 12 messages for OPENCODE_GENERIC
[2026-02-04T06:44:48.702Z] message-hooks: found synthetic text at [0]: "Called the Read tool with the following input: {"f..." matches=false
[2026-02-04T06:44:48.702Z] message-hooks: found synthetic text at [0]: "<file>
00001| <!DOCTYPE html>
00002| <html lang="e..." matches=false
[2026-02-04T06:44:48.702Z] message-hooks: generic search complete, found=false, index=-1
[2026-02-04T06:44:48.702Z] message-hooks: no generic part found, checking for pending prompt return
[2026-02-04T06:45:11.914Z] message-hooks: ENTRY msgCount=13, sessions=ses_3d89c9d12ffeQr4XZHZaCRksV5
[2026-02-04T06:45:11.914Z] message-hooks: MESSAGES: [0]user: text:"why isn't @index.html not loading the im...", file, text:"Called the Read tool with the following ..."(syn), text:"<file>
00001| <!DOCTYPE html>
00002| <ht..."(syn) | [1]assistant: step-start, reasoning, tool:completed, step-finish | [2]assistant: step-start, reasoning, tool:completed, step-finish | [3]assistant: step-start, reasoning, tool:completed, step-finish | [4]assistant: step-start, reasoning, tool:completed, step-finish | [5]assistant: step-start, reasoning, tool:completed, step-finish | [6]assistant: step-start, reasoning, tool:completed, step-finish | [7]assistant: step-start, reasoning, tool:completed, step-finish, patch | [8]assistant: step-start, reasoning, tool:completed, step-finish, patch | [9]assistant: step-start, reasoning, tool:completed, step-finish | [10]assistant: step-start, reasoning, text:"The images were likely not loading becau...", reasoning, step-finish | [11]user: text:"hero mountain is loading but the rest is..." | [12]assistant: step-start, reasoning, tool:completed, step-finish
[2026-02-04T06:45:11.914Z] message-hooks: post-filter, msgCount=13
[2026-02-04T06:45:11.914Z] message-hooks: about to search for OPENCODE_GENERIC
[2026-02-04T06:45:11.914Z] message-hooks: searching 13 messages for OPENCODE_GENERIC
[2026-02-04T06:45:11.914Z] message-hooks: found synthetic text at [0]: "Called the Read tool with the following input: {"f..." matches=false
[2026-02-04T06:45:11.914Z] message-hooks: found synthetic text at [0]: "<file>
00001| <!DOCTYPE html>
00002| <html lang="e..." matches=false
[2026-02-04T06:45:11.914Z] message-hooks: generic search complete, found=false, index=-1
[2026-02-04T06:45:11.914Z] message-hooks: no generic part found, checking for pending prompt return
[2026-02-04T06:45:15.966Z] message-hooks: ENTRY msgCount=14, sessions=ses_3d89c9d12ffeQr4XZHZaCRksV5
[2026-02-04T06:45:15.966Z] message-hooks: MESSAGES: [0]user: text:"why isn't @index.html not loading the im...", file, text:"Called the Read tool with the following ..."(syn), text:"<file>
00001| <!DOCTYPE html>
00002| <ht..."(syn) | [1]assistant: step-start, reasoning, tool:completed, step-finish | [2]assistant: step-start, reasoning, tool:completed, step-finish | [3]assistant: step-start, reasoning, tool:completed, step-finish | [4]assistant: step-start, reasoning, tool:completed, step-finish | [5]assistant: step-start, reasoning, tool:completed, step-finish | [6]assistant: step-start, reasoning, tool:completed, step-finish | [7]assistant: step-start, reasoning, tool:completed, step-finish, patch | [8]assistant: step-start, reasoning, tool:completed, step-finish, patch | [9]assistant: step-start, reasoning, tool:completed, step-finish | [10]assistant: step-start, reasoning, text:"The images were likely not loading becau...", reasoning, step-finish | [11]user: text:"hero mountain is loading but the rest is..." | [12]assistant: step-start, reasoning, tool:completed, step-finish | [13]assistant: step-start, reasoning, tool:completed, step-finish
[2026-02-04T06:45:15.966Z] message-hooks: post-filter, msgCount=14
[2026-02-04T06:45:15.966Z] message-hooks: about to search for OPENCODE_GENERIC
[2026-02-04T06:45:15.966Z] message-hooks: searching 14 messages for OPENCODE_GENERIC
[2026-02-04T06:45:15.966Z] message-hooks: found synthetic text at [0]: "Called the Read tool with the following input: {"f..." matches=false
[2026-02-04T06:45:15.966Z] message-hooks: found synthetic text at [0]: "<file>
00001| <!DOCTYPE html>
00002| <html lang="e..." matches=false
[2026-02-04T06:45:15.966Z] message-hooks: generic search complete, found=false, index=-1
[2026-02-04T06:45:15.966Z] message-hooks: no generic part found, checking for pending prompt return
[2026-02-04T06:45:19.738Z] message-hooks: ENTRY msgCount=15, sessions=ses_3d89c9d12ffeQr4XZHZaCRksV5
[2026-02-04T06:45:19.738Z] message-hooks: MESSAGES: [0]user: text:"why isn't @index.html not loading the im...", file, text:"Called the Read tool with the following ..."(syn), text:"<file>
00001| <!DOCTYPE html>
00002| <ht..."(syn) | [1]assistant: step-start, reasoning, tool:completed, step-finish | [2]assistant: step-start, reasoning, tool:completed, step-finish | [3]assistant: step-start, reasoning, tool:completed, step-finish | [4]assistant: step-start, reasoning, tool:completed, step-finish | [5]assistant: step-start, reasoning, tool:completed, step-finish | [6]assistant: step-start, reasoning, tool:completed, step-finish | [7]assistant: step-start, reasoning, tool:completed, step-finish, patch | [8]assistant: step-start, reasoning, tool:completed, step-finish, patch | [9]assistant: step-start, reasoning, tool:completed, step-finish | [10]assistant: step-start, reasoning, text:"The images were likely not loading becau...", reasoning, step-finish | [11]user: text:"hero mountain is loading but the rest is..." | [12]assistant: step-start, reasoning, tool:completed, step-finish | [13]assistant: step-start, reasoning, tool:completed, step-finish | [14]assistant: step-start, reasoning, tool:completed, step-finish
[2026-02-04T06:45:19.738Z] message-hooks: post-filter, msgCount=15
[2026-02-04T06:45:19.738Z] message-hooks: about to search for OPENCODE_GENERIC
[2026-02-04T06:45:19.738Z] message-hooks: searching 15 messages for OPENCODE_GENERIC
[2026-02-04T06:45:19.738Z] message-hooks: found synthetic text at [0]: "Called the Read tool with the following input: {"f..." matches=false
[2026-02-04T06:45:19.738Z] message-hooks: found synthetic text at [0]: "<file>
00001| <!DOCTYPE html>
00002| <html lang="e..." matches=false
[2026-02-04T06:45:19.738Z] message-hooks: generic search complete, found=false, index=-1
[2026-02-04T06:45:19.738Z] message-hooks: no generic part found, checking for pending prompt return
[2026-02-04T06:45:25.200Z] message-hooks: ENTRY msgCount=16, sessions=ses_3d89c9d12ffeQr4XZHZaCRksV5
[2026-02-04T06:45:25.200Z] message-hooks: MESSAGES: [0]user: text:"why isn't @index.html not loading the im...", file, text:"Called the Read tool with the following ..."(syn), text:"<file>
00001| <!DOCTYPE html>
00002| <ht..."(syn) | [1]assistant: step-start, reasoning, tool:completed, step-finish | [2]assistant: step-start, reasoning, tool:completed, step-finish | [3]assistant: step-start, reasoning, tool:completed, step-finish | [4]assistant: step-start, reasoning, tool:completed, step-finish | [5]assistant: step-start, reasoning, tool:completed, step-finish | [6]assistant: step-start, reasoning, tool:completed, step-finish | [7]assistant: step-start, reasoning, tool:completed, step-finish, patch | [8]assistant: step-start, reasoning, tool:completed, step-finish, patch | [9]assistant: step-start, reasoning, tool:completed, step-finish | [10]assistant: step-start, reasoning, text:"The images were likely not loading becau...", reasoning, step-finish | [11]user: text:"hero mountain is loading but the rest is..." | [12]assistant: step-start, reasoning, tool:completed, step-finish | [13]assistant: step-start, reasoning, tool:completed, step-finish | [14]assistant: step-start, reasoning, tool:completed, step-finish | [15]assistant: step-start, reasoning, tool:completed, step-finish
[2026-02-04T06:45:25.200Z] message-hooks: post-filter, msgCount=16
[2026-02-04T06:45:25.200Z] message-hooks: about to search for OPENCODE_GENERIC
[2026-02-04T06:45:25.200Z] message-hooks: searching 16 messages for OPENCODE_GENERIC
[2026-02-04T06:45:25.200Z] message-hooks: found synthetic text at [0]: "Called the Read tool with the following input: {"f..." matches=false
[2026-02-04T06:45:25.200Z] message-hooks: found synthetic text at [0]: "<file>
00001| <!DOCTYPE html>
00002| <html lang="e..." matches=false
[2026-02-04T06:45:25.200Z] message-hooks: generic search complete, found=false, index=-1
[2026-02-04T06:45:25.200Z] message-hooks: no generic part found, checking for pending prompt return
[2026-02-04T06:45:33.742Z] message-hooks: ENTRY msgCount=17, sessions=ses_3d89c9d12ffeQr4XZHZaCRksV5
[2026-02-04T06:45:33.742Z] message-hooks: MESSAGES: [0]user: text:"why isn't @index.html not loading the im...", file, text:"Called the Read tool with the following ..."(syn), text:"<file>
00001| <!DOCTYPE html>
00002| <ht..."(syn) | [1]assistant: step-start, reasoning, tool:completed, step-finish | [2]assistant: step-start, reasoning, tool:completed, step-finish | [3]assistant: step-start, reasoning, tool:completed, step-finish | [4]assistant: step-start, reasoning, tool:completed, step-finish | [5]assistant: step-start, reasoning, tool:completed, step-finish | [6]assistant: step-start, reasoning, tool:completed, step-finish | [7]assistant: step-start, reasoning, tool:completed, step-finish, patch | [8]assistant: step-start, reasoning, tool:completed, step-finish, patch | [9]assistant: step-start, reasoning, tool:completed, step-finish | [10]assistant: step-start, reasoning, text:"The images were likely not loading becau...", reasoning, step-finish | [11]user: text:"hero mountain is loading but the rest is..." | [12]assistant: step-start, reasoning, tool:completed, step-finish | [13]assistant: step-start, reasoning, tool:completed, step-finish | [14]assistant: step-start, reasoning, tool:completed, step-finish | [15]assistant: step-start, reasoning, tool:completed, step-finish | [16]assistant: step-start, reasoning, tool:completed, step-finish
[2026-02-04T06:45:33.742Z] message-hooks: post-filter, msgCount=17
[2026-02-04T06:45:33.742Z] message-hooks: about to search for OPENCODE_GENERIC
[2026-02-04T06:45:33.742Z] message-hooks: searching 17 messages for OPENCODE_GENERIC
[2026-02-04T06:45:33.742Z] message-hooks: found synthetic text at [0]: "Called the Read tool with the following input: {"f..." matches=false
[2026-02-04T06:45:33.742Z] message-hooks: found synthetic text at [0]: "<file>
00001| <!DOCTYPE html>
00002| <html lang="e..." matches=false
[2026-02-04T06:45:33.742Z] message-hooks: generic search complete, found=false, index=-1
[2026-02-04T06:45:33.742Z] message-hooks: no generic part found, checking for pending prompt return
[2026-02-04T06:45:56.720Z] message-hooks: ENTRY msgCount=18, sessions=ses_3d89c9d12ffeQr4XZHZaCRksV5
[2026-02-04T06:45:56.720Z] message-hooks: MESSAGES: [0]user: text:"why isn't @index.html not loading the im...", file, text:"Called the Read tool with the following ..."(syn), text:"<file>
00001| <!DOCTYPE html>
00002| <ht..."(syn) | [1]assistant: step-start, reasoning, tool:completed, step-finish | [2]assistant: step-start, reasoning, tool:completed, step-finish | [3]assistant: step-start, reasoning, tool:completed, step-finish | [4]assistant: step-start, reasoning, tool:completed, step-finish | [5]assistant: step-start, reasoning, tool:completed, step-finish | [6]assistant: step-start, reasoning, tool:completed, step-finish | [7]assistant: step-start, reasoning, tool:completed, step-finish, patch | [8]assistant: step-start, reasoning, tool:completed, step-finish, patch | [9]assistant: step-start, reasoning, tool:completed, step-finish | [10]assistant: step-start, reasoning, text:"The images were likely not loading becau...", reasoning, step-finish | [11]user: text:"hero mountain is loading but the rest is..." | [12]assistant: step-start, reasoning, tool:completed, step-finish | [13]assistant: step-start, reasoning, tool:completed, step-finish | [14]assistant: step-start, reasoning, tool:completed, step-finish | [15]assistant: step-start, reasoning, tool:completed, step-finish | [16]assistant: step-start, reasoning, tool:completed, step-finish | [17]assistant: step-start, reasoning, tool:completed, step-finish, patch
[2026-02-04T06:45:56.720Z] message-hooks: post-filter, msgCount=18
[2026-02-04T06:45:56.720Z] message-hooks: about to search for OPENCODE_GENERIC
[2026-02-04T06:45:56.720Z] message-hooks: searching 18 messages for OPENCODE_GENERIC
[2026-02-04T06:45:56.720Z] message-hooks: found synthetic text at [0]: "Called the Read tool with the following input: {"f..." matches=false
[2026-02-04T06:45:56.720Z] message-hooks: found synthetic text at [0]: "<file>
00001| <!DOCTYPE html>
00002| <html lang="e..." matches=false
[2026-02-04T06:45:56.720Z] message-hooks: generic search complete, found=false, index=-1
[2026-02-04T06:45:56.720Z] message-hooks: no generic part found, checking for pending prompt return
[2026-02-04T06:46:01.805Z] message-hooks: ENTRY msgCount=19, sessions=ses_3d89c9d12ffeQr4XZHZaCRksV5
[2026-02-04T06:46:01.805Z] message-hooks: MESSAGES: [0]user: text:"why isn't @index.html not loading the im...", file, text:"Called the Read tool with the following ..."(syn), text:"<file>
00001| <!DOCTYPE html>
00002| <ht..."(syn) | [1]assistant: step-start, reasoning, tool:completed, step-finish | [2]assistant: step-start, reasoning, tool:completed, step-finish | [3]assistant: step-start, reasoning, tool:completed, step-finish | [4]assistant: step-start, reasoning, tool:completed, step-finish | [5]assistant: step-start, reasoning, tool:completed, step-finish | [6]assistant: step-start, reasoning, tool:completed, step-finish | [7]assistant: step-start, reasoning, tool:completed, step-finish, patch | [8]assistant: step-start, reasoning, tool:completed, step-finish, patch | [9]assistant: step-start, reasoning, tool:completed, step-finish | [10]assistant: step-start, reasoning, text:"The images were likely not loading becau...", reasoning, step-finish | [11]user: text:"hero mountain is loading but the rest is..." | [12]assistant: step-start, reasoning, tool:completed, step-finish | [13]assistant: step-start, reasoning, tool:completed, step-finish | [14]assistant: step-start, reasoning, tool:completed, step-finish | [15]assistant: step-start, reasoning, tool:completed, step-finish | [16]assistant: step-start, reasoning, tool:completed, step-finish | [17]assistant: step-start, reasoning, tool:completed, step-finish, patch | [18]assistant: step-start, reasoning, tool:completed, step-finish
[2026-02-04T06:46:01.805Z] message-hooks: post-filter, msgCount=19
[2026-02-04T06:46:01.805Z] message-hooks: about to search for OPENCODE_GENERIC
[2026-02-04T06:46:01.805Z] message-hooks: searching 19 messages for OPENCODE_GENERIC
[2026-02-04T06:46:01.805Z] message-hooks: found synthetic text at [0]: "Called the Read tool with the following input: {"f..." matches=false
[2026-02-04T06:46:01.805Z] message-hooks: found synthetic text at [0]: "<file>
00001| <!DOCTYPE html>
00002| <html lang="e..." matches=false
[2026-02-04T06:46:01.805Z] message-hooks: generic search complete, found=false, index=-1
[2026-02-04T06:46:01.805Z] message-hooks: no generic part found, checking for pending prompt return
[2026-02-04T06:46:08.331Z] message-hooks: ENTRY msgCount=20, sessions=ses_3d89c9d12ffeQr4XZHZaCRksV5
[2026-02-04T06:46:08.331Z] message-hooks: MESSAGES: [0]user: text:"why isn't @index.html not loading the im...", file, text:"Called the Read tool with the following ..."(syn), text:"<file>
00001| <!DOCTYPE html>
00002| <ht..."(syn) | [1]assistant: step-start, reasoning, tool:completed, step-finish | [2]assistant: step-start, reasoning, tool:completed, step-finish | [3]assistant: step-start, reasoning, tool:completed, step-finish | [4]assistant: step-start, reasoning, tool:completed, step-finish | [5]assistant: step-start, reasoning, tool:completed, step-finish | [6]assistant: step-start, reasoning, tool:completed, step-finish | [7]assistant: step-start, reasoning, tool:completed, step-finish, patch | [8]assistant: step-start, reasoning, tool:completed, step-finish, patch | [9]assistant: step-start, reasoning, tool:completed, step-finish | [10]assistant: step-start, reasoning, text:"The images were likely not loading becau...", reasoning, step-finish | [11]user: text:"hero mountain is loading but the rest is..." | [12]assistant: step-start, reasoning, tool:completed, step-finish | [13]assistant: step-start, reasoning, tool:completed, step-finish | [14]assistant: step-start, reasoning, tool:completed, step-finish | [15]assistant: step-start, reasoning, tool:completed, step-finish | [16]assistant: step-start, reasoning, tool:completed, step-finish | [17]assistant: step-start, reasoning, tool:completed, step-finish, patch | [18]assistant: step-start, reasoning, tool:completed, step-finish | [19]assistant: step-start, reasoning, tool:completed, step-finish
[2026-02-04T06:46:08.331Z] message-hooks: post-filter, msgCount=20
[2026-02-04T06:46:08.331Z] message-hooks: about to search for OPENCODE_GENERIC
[2026-02-04T06:46:08.331Z] message-hooks: searching 20 messages for OPENCODE_GENERIC
[2026-02-04T06:46:08.331Z] message-hooks: found synthetic text at [0]: "Called the Read tool with the following input: {"f..." matches=false
[2026-02-04T06:46:08.331Z] message-hooks: found synthetic text at [0]: "<file>
00001| <!DOCTYPE html>
00002| <html lang="e..." matches=false
[2026-02-04T06:46:08.331Z] message-hooks: generic search complete, found=false, index=-1
[2026-02-04T06:46:08.331Z] message-hooks: no generic part found, checking for pending prompt return
[2026-02-04T06:46:13.818Z] message-hooks: ENTRY msgCount=21, sessions=ses_3d89c9d12ffeQr4XZHZaCRksV5
[2026-02-04T06:46:13.818Z] message-hooks: MESSAGES: [0]user: text:"why isn't @index.html not loading the im...", file, text:"Called the Read tool with the following ..."(syn), text:"<file>
00001| <!DOCTYPE html>
00002| <ht..."(syn) | [1]assistant: step-start, reasoning, tool:completed, step-finish | [2]assistant: step-start, reasoning, tool:completed, step-finish | [3]assistant: step-start, reasoning, tool:completed, step-finish | [4]assistant: step-start, reasoning, tool:completed, step-finish | [5]assistant: step-start, reasoning, tool:completed, step-finish | [6]assistant: step-start, reasoning, tool:completed, step-finish | [7]assistant: step-start, reasoning, tool:completed, step-finish, patch | [8]assistant: step-start, reasoning, tool:completed, step-finish, patch | [9]assistant: step-start, reasoning, tool:completed, step-finish | [10]assistant: step-start, reasoning, text:"The images were likely not loading becau...", reasoning, step-finish | [11]user: text:"hero mountain is loading but the rest is..." | [12]assistant: step-start, reasoning, tool:completed, step-finish | [13]assistant: step-start, reasoning, tool:completed, step-finish | [14]assistant: step-start, reasoning, tool:completed, step-finish | [15]assistant: step-start, reasoning, tool:completed, step-finish | [16]assistant: step-start, reasoning, tool:completed, step-finish | [17]assistant: step-start, reasoning, tool:completed, step-finish, patch | [18]assistant: step-start, reasoning, tool:completed, step-finish | [19]assistant: step-start, reasoning, tool:completed, step-finish | [20]assistant: step-start, reasoning, tool:completed, step-finish
[2026-02-04T06:46:13.818Z] message-hooks: post-filter, msgCount=21
[2026-02-04T06:46:13.818Z] message-hooks: about to search for OPENCODE_GENERIC
[2026-02-04T06:46:13.818Z] message-hooks: searching 21 messages for OPENCODE_GENERIC
[2026-02-04T06:46:13.818Z] message-hooks: found synthetic text at [0]: "Called the Read tool with the following input: {"f..." matches=false
[2026-02-04T06:46:13.818Z] message-hooks: found synthetic text at [0]: "<file>
00001| <!DOCTYPE html>
00002| <html lang="e..." matches=false
[2026-02-04T06:46:13.818Z] message-hooks: generic search complete, found=false, index=-1
[2026-02-04T06:46:13.818Z] message-hooks: no generic part found, checking for pending prompt return
[2026-02-04T06:46:18.673Z] message-hooks: ENTRY msgCount=22, sessions=ses_3d89c9d12ffeQr4XZHZaCRksV5
[2026-02-04T06:46:18.673Z] message-hooks: MESSAGES: [0]user: text:"why isn't @index.html not loading the im...", file, text:"Called the Read tool with the following ..."(syn), text:"<file>
00001| <!DOCTYPE html>
00002| <ht..."(syn) | [1]assistant: step-start, reasoning, tool:completed, step-finish | [2]assistant: step-start, reasoning, tool:completed, step-finish | [3]assistant: step-start, reasoning, tool:completed, step-finish | [4]assistant: step-start, reasoning, tool:completed, step-finish | [5]assistant: step-start, reasoning, tool:completed, step-finish | [6]assistant: step-start, reasoning, tool:completed, step-finish | [7]assistant: step-start, reasoning, tool:completed, step-finish, patch | [8]assistant: step-start, reasoning, tool:completed, step-finish, patch | [9]assistant: step-start, reasoning, tool:completed, step-finish | [10]assistant: step-start, reasoning, text:"The images were likely not loading becau...", reasoning, step-finish | [11]user: text:"hero mountain is loading but the rest is..." | [12]assistant: step-start, reasoning, tool:completed, step-finish | [13]assistant: step-start, reasoning, tool:completed, step-finish | [14]assistant: step-start, reasoning, tool:completed, step-finish | [15]assistant: step-start, reasoning, tool:completed, step-finish | [16]assistant: step-start, reasoning, tool:completed, step-finish | [17]assistant: step-start, reasoning, tool:completed, step-finish, patch | [18]assistant: step-start, reasoning, tool:completed, step-finish | [19]assistant: step-start, reasoning, tool:completed, step-finish | [20]assistant: step-start, reasoning, tool:completed, step-finish | [21]assistant: step-start, reasoning, tool:completed, step-finish
[2026-02-04T06:46:18.673Z] message-hooks: post-filter, msgCount=22
[2026-02-04T06:46:18.673Z] message-hooks: about to search for OPENCODE_GENERIC
[2026-02-04T06:46:18.673Z] message-hooks: searching 22 messages for OPENCODE_GENERIC
[2026-02-04T06:46:18.673Z] message-hooks: found synthetic text at [0]: "Called the Read tool with the following input: {"f..." matches=false
[2026-02-04T06:46:18.673Z] message-hooks: found synthetic text at [0]: "<file>
00001| <!DOCTYPE html>
00002| <html lang="e..." matches=false
[2026-02-04T06:46:18.673Z] message-hooks: generic search complete, found=false, index=-1
[2026-02-04T06:46:18.673Z] message-hooks: no generic part found, checking for pending prompt return
[2026-02-04T06:46:28.354Z] message-hooks: ENTRY msgCount=23, sessions=ses_3d89c9d12ffeQr4XZHZaCRksV5
[2026-02-04T06:46:28.354Z] message-hooks: MESSAGES: [0]user: text:"why isn't @index.html not loading the im...", file, text:"Called the Read tool with the following ..."(syn), text:"<file>
00001| <!DOCTYPE html>
00002| <ht..."(syn) | [1]assistant: step-start, reasoning, tool:completed, step-finish | [2]assistant: step-start, reasoning, tool:completed, step-finish | [3]assistant: step-start, reasoning, tool:completed, step-finish | [4]assistant: step-start, reasoning, tool:completed, step-finish | [5]assistant: step-start, reasoning, tool:completed, step-finish | [6]assistant: step-start, reasoning, tool:completed, step-finish | [7]assistant: step-start, reasoning, tool:completed, step-finish, patch | [8]assistant: step-start, reasoning, tool:completed, step-finish, patch | [9]assistant: step-start, reasoning, tool:completed, step-finish | [10]assistant: step-start, reasoning, text:"The images were likely not loading becau...", reasoning, step-finish | [11]user: text:"hero mountain is loading but the rest is..." | [12]assistant: step-start, reasoning, tool:completed, step-finish | [13]assistant: step-start, reasoning, tool:completed, step-finish | [14]assistant: step-start, reasoning, tool:completed, step-finish | [15]assistant: step-start, reasoning, tool:completed, step-finish | [16]assistant: step-start, reasoning, tool:completed, step-finish | [17]assistant: step-start, reasoning, tool:completed, step-finish, patch | [18]assistant: step-start, reasoning, tool:completed, step-finish | [19]assistant: step-start, reasoning, tool:completed, step-finish | [20]assistant: step-start, reasoning, tool:completed, step-finish | [21]assistant: step-start, reasoning, tool:completed, step-finish | [22]assistant: step-start, reasoning, tool:completed, step-finish
[2026-02-04T06:46:28.354Z] message-hooks: post-filter, msgCount=23
[2026-02-04T06:46:28.354Z] message-hooks: about to search for OPENCODE_GENERIC
[2026-02-04T06:46:28.354Z] message-hooks: searching 23 messages for OPENCODE_GENERIC
[2026-02-04T06:46:28.354Z] message-hooks: found synthetic text at [0]: "Called the Read tool with the following input: {"f..." matches=false
[2026-02-04T06:46:28.354Z] message-hooks: found synthetic text at [0]: "<file>
00001| <!DOCTYPE html>
00002| <html lang="e..." matches=false
[2026-02-04T06:46:28.354Z] message-hooks: generic search complete, found=false, index=-1
[2026-02-04T06:46:28.354Z] message-hooks: no generic part found, checking for pending prompt return
[2026-02-04T06:46:38.605Z] message-hooks: ENTRY msgCount=24, sessions=ses_3d89c9d12ffeQr4XZHZaCRksV5
[2026-02-04T06:46:38.605Z] message-hooks: MESSAGES: [0]user: text:"why isn't @index.html not loading the im...", file, text:"Called the Read tool with the following ..."(syn), text:"<file>
00001| <!DOCTYPE html>
00002| <ht..."(syn) | [1]assistant: step-start, reasoning, tool:completed, step-finish | [2]assistant: step-start, reasoning, tool:completed, step-finish | [3]assistant: step-start, reasoning, tool:completed, step-finish | [4]assistant: step-start, reasoning, tool:completed, step-finish | [5]assistant: step-start, reasoning, tool:completed, step-finish | [6]assistant: step-start, reasoning, tool:completed, step-finish | [7]assistant: step-start, reasoning, tool:completed, step-finish, patch | [8]assistant: step-start, reasoning, tool:completed, step-finish, patch | [9]assistant: step-start, reasoning, tool:completed, step-finish | [10]assistant: step-start, reasoning, text:"The images were likely not loading becau...", reasoning, step-finish | [11]user: text:"hero mountain is loading but the rest is..." | [12]assistant: step-start, reasoning, tool:completed, step-finish | [13]assistant: step-start, reasoning, tool:completed, step-finish | [14]assistant: step-start, reasoning, tool:completed, step-finish | [15]assistant: step-start, reasoning, tool:completed, step-finish | [16]assistant: step-start, reasoning, tool:completed, step-finish | [17]assistant: step-start, reasoning, tool:completed, step-finish, patch | [18]assistant: step-start, reasoning, tool:completed, step-finish | [19]assistant: step-start, reasoning, tool:completed, step-finish | [20]assistant: step-start, reasoning, tool:completed, step-finish | [21]assistant: step-start, reasoning, tool:completed, step-finish | [22]assistant: step-start, reasoning, tool:completed, step-finish | [23]assistant: step-start, reasoning, tool:completed, step-finish
[2026-02-04T06:46:38.605Z] message-hooks: post-filter, msgCount=24
[2026-02-04T06:46:38.605Z] message-hooks: about to search for OPENCODE_GENERIC
[2026-02-04T06:46:38.605Z] message-hooks: searching 24 messages for OPENCODE_GENERIC
[2026-02-04T06:46:38.605Z] message-hooks: found synthetic text at [0]: "Called the Read tool with the following input: {"f..." matches=false
[2026-02-04T06:46:38.605Z] message-hooks: found synthetic text at [0]: "<file>
00001| <!DOCTYPE html>
00002| <html lang="e..." matches=false
[2026-02-04T06:46:38.605Z] message-hooks: generic search complete, found=false, index=-1
[2026-02-04T06:46:38.605Z] message-hooks: no generic part found, checking for pending prompt return
[2026-02-04T06:46:47.656Z] session.idle: sessionID=ses_3d89c9d12ffeQr4XZHZaCRksV5
[2026-02-04T06:46:58.263Z] message-hooks: ENTRY msgCount=26, sessions=ses_3d89c9d12ffeQr4XZHZaCRksV5
[2026-02-04T06:46:58.263Z] message-hooks: MESSAGES: [0]user: text:"why isn't @index.html not loading the im...", file, text:"Called the Read tool with the following ..."(syn), text:"<file>
00001| <!DOCTYPE html>
00002| <ht..."(syn) | [1]assistant: step-start, reasoning, tool:completed, step-finish | [2]assistant: step-start, reasoning, tool:completed, step-finish | [3]assistant: step-start, reasoning, tool:completed, step-finish | [4]assistant: step-start, reasoning, tool:completed, step-finish | [5]assistant: step-start, reasoning, tool:completed, step-finish | [6]assistant: step-start, reasoning, tool:completed, step-finish | [7]assistant: step-start, reasoning, tool:completed, step-finish, patch | [8]assistant: step-start, reasoning, tool:completed, step-finish, patch | [9]assistant: step-start, reasoning, tool:completed, step-finish | [10]assistant: step-start, reasoning, text:"The images were likely not loading becau...", reasoning, step-finish | [11]user: text:"hero mountain is loading but the rest is..." | [12]assistant: step-start, reasoning, tool:completed, step-finish | [13]assistant: step-start, reasoning, tool:completed, step-finish | [14]assistant: step-start, reasoning, tool:completed, step-finish | [15]assistant: step-start, reasoning, tool:completed, step-finish | [16]assistant: step-start, reasoning, tool:completed, step-finish | [17]assistant: step-start, reasoning, tool:completed, step-finish, patch | [18]assistant: step-start, reasoning, tool:completed, step-finish | [19]assistant: step-start, reasoning, tool:completed, step-finish | [20]assistant: step-start, reasoning, tool:completed, step-finish | [21]assistant: step-start, reasoning, tool:completed, step-finish | [22]assistant: step-start, reasoning, tool:completed, step-finish | [23]assistant: step-start, reasoning, tool:completed, step-finish | [24]assistant: step-start, text:"The issue was likely a combination of in...", step-finish | [25]user: text:"i think there is an issue with dia brows..."
[2026-02-04T06:46:58.263Z] message-hooks: post-filter, msgCount=26
[2026-02-04T06:46:58.263Z] message-hooks: about to search for OPENCODE_GENERIC
[2026-02-04T06:46:58.263Z] message-hooks: searching 26 messages for OPENCODE_GENERIC
[2026-02-04T06:46:58.263Z] message-hooks: found synthetic text at [0]: "Called the Read tool with the following input: {"f..." matches=false
[2026-02-04T06:46:58.263Z] message-hooks: found synthetic text at [0]: "<file>
00001| <!DOCTYPE html>
00002| <html lang="e..." matches=false
[2026-02-04T06:46:58.263Z] message-hooks: generic search complete, found=false, index=-1
[2026-02-04T06:46:58.263Z] message-hooks: no generic part found, checking for pending prompt return
[2026-02-04T06:47:20.448Z] message-hooks: ENTRY msgCount=28, sessions=ses_3d89c9d12ffeQr4XZHZaCRksV5
[2026-02-04T06:47:20.448Z] message-hooks: MESSAGES: [0]user: text:"why isn't @index.html not loading the im...", file, text:"Called the Read tool with the following ..."(syn), text:"<file>
00001| <!DOCTYPE html>
00002| <ht..."(syn) | [1]assistant: step-start, reasoning, tool:completed, step-finish | [2]assistant: step-start, reasoning, tool:completed, step-finish | [3]assistant: step-start, reasoning, tool:completed, step-finish | [4]assistant: step-start, reasoning, tool:completed, step-finish | [5]assistant: step-start, reasoning, tool:completed, step-finish | [6]assistant: step-start, reasoning, tool:completed, step-finish | [7]assistant: step-start, reasoning, tool:completed, step-finish, patch | [8]assistant: step-start, reasoning, tool:completed, step-finish, patch | [9]assistant: step-start, reasoning, tool:completed, step-finish | [10]assistant: step-start, reasoning, text:"The images were likely not loading becau...", reasoning, step-finish | [11]user: text:"hero mountain is loading but the rest is..." | [12]assistant: step-start, reasoning, tool:completed, step-finish | [13]assistant: step-start, reasoning, tool:completed, step-finish | [14]assistant: step-start, reasoning, tool:completed, step-finish | [15]assistant: step-start, reasoning, tool:completed, step-finish | [16]assistant: step-start, reasoning, tool:completed, step-finish | [17]assistant: step-start, reasoning, tool:completed, step-finish, patch | [18]assistant: step-start, reasoning, tool:completed, step-finish | [19]assistant: step-start, reasoning, tool:completed, step-finish | [20]assistant: step-start, reasoning, tool:completed, step-finish | [21]assistant: step-start, reasoning, tool:completed, step-finish | [22]assistant: step-start, reasoning, tool:completed, step-finish | [23]assistant: step-start, reasoning, tool:completed, step-finish | [24]assistant: step-start, text:"The issue was likely a combination of in...", step-finish | [25]user: text:"i think there is an issue with dia brows..." | [26]assistant: step-start, reasoning, tool:completed, step-finish | [27]user: text:"<system-reminder>
The user sent the foll..."
[2026-02-04T06:47:20.449Z] message-hooks: post-filter, msgCount=28
[2026-02-04T06:47:20.449Z] message-hooks: about to search for OPENCODE_GENERIC
[2026-02-04T06:47:20.449Z] message-hooks: searching 28 messages for OPENCODE_GENERIC
[2026-02-04T06:47:20.449Z] message-hooks: found synthetic text at [0]: "Called the Read tool with the following input: {"f..." matches=false
[2026-02-04T06:47:20.449Z] message-hooks: found synthetic text at [0]: "<file>
00001| <!DOCTYPE html>
00002| <html lang="e..." matches=false
[2026-02-04T06:47:20.449Z] message-hooks: generic search complete, found=false, index=-1
[2026-02-04T06:47:20.449Z] message-hooks: no generic part found, checking for pending prompt return
[2026-02-04T06:47:52.613Z] message-hooks: ENTRY msgCount=29, sessions=ses_3d89c9d12ffeQr4XZHZaCRksV5
[2026-02-04T06:47:52.613Z] message-hooks: MESSAGES: [0]user: text:"why isn't @index.html not loading the im...", file, text:"Called the Read tool with the following ..."(syn), text:"<file>
00001| <!DOCTYPE html>
00002| <ht..."(syn) | [1]assistant: step-start, reasoning, tool:completed, step-finish | [2]assistant: step-start, reasoning, tool:completed, step-finish | [3]assistant: step-start, reasoning, tool:completed, step-finish | [4]assistant: step-start, reasoning, tool:completed, step-finish | [5]assistant: step-start, reasoning, tool:completed, step-finish | [6]assistant: step-start, reasoning, tool:completed, step-finish | [7]assistant: step-start, reasoning, tool:completed, step-finish, patch | [8]assistant: step-start, reasoning, tool:completed, step-finish, patch | [9]assistant: step-start, reasoning, tool:completed, step-finish | [10]assistant: step-start, reasoning, text:"The images were likely not loading becau...", reasoning, step-finish | [11]user: text:"hero mountain is loading but the rest is..." | [12]assistant: step-start, reasoning, tool:completed, step-finish | [13]assistant: step-start, reasoning, tool:completed, step-finish | [14]assistant: step-start, reasoning, tool:completed, step-finish | [15]assistant: step-start, reasoning, tool:completed, step-finish | [16]assistant: step-start, reasoning, tool:completed, step-finish | [17]assistant: step-start, reasoning, tool:completed, step-finish, patch | [18]assistant: step-start, reasoning, tool:completed, step-finish | [19]assistant: step-start, reasoning, tool:completed, step-finish | [20]assistant: step-start, reasoning, tool:completed, step-finish | [21]assistant: step-start, reasoning, tool:completed, step-finish | [22]assistant: step-start, reasoning, tool:completed, step-finish | [23]assistant: step-start, reasoning, tool:completed, step-finish | [24]assistant: step-start, text:"The issue was likely a combination of in...", step-finish | [25]user: text:"i think there is an issue with dia brows..." | [26]assistant: step-start, reasoning, tool:completed, step-finish | [27]user: text:"--rf" | [28]assistant: step-start, text:"", reasoning, tool:completed, step-finish, patch
[2026-02-04T06:47:52.613Z] message-hooks: post-filter, msgCount=29
[2026-02-04T06:47:52.613Z] message-hooks: about to search for OPENCODE_GENERIC
[2026-02-04T06:47:52.613Z] message-hooks: searching 29 messages for OPENCODE_GENERIC
[2026-02-04T06:47:52.613Z] message-hooks: found synthetic text at [0]: "Called the Read tool with the following input: {"f..." matches=false
[2026-02-04T06:47:52.613Z] message-hooks: found synthetic text at [0]: "<file>
00001| <!DOCTYPE html>
00002| <html lang="e..." matches=false
[2026-02-04T06:47:52.613Z] message-hooks: generic search complete, found=false, index=-1
[2026-02-04T06:47:52.613Z] message-hooks: no generic part found, checking for pending prompt return
[2026-02-04T06:48:00.595Z] session.idle: sessionID=ses_3d89c9d12ffeQr4XZHZaCRksV5
