[2026-02-04T07:02:52.546Z] Plugin initialized: 0 commands []
[2026-02-04T07:02:52.656Z] Registered /subtask command
[2026-02-04T07:03:02.361Z] message-hooks: ENTRY msgCount=3, sessions=ses_3d88b262bffe0ZSvo4nRxUKYp1
[2026-02-04T07:03:02.361Z] message-hooks: MESSAGES: [0]user: text:"ls then read @README.md and take the "co..." | [1]assistant: step-start, reasoning, text:"I'll start by exploring the directory st...", tool:completed, tool:completed, tool:completed, tool:completed, step-finish | [2]assistant: step-start, reasoning, text:"The README.md is a standard Astro templa...", tool:completed, tool:completed, step-finish
[2026-02-04T07:03:02.361Z] message-hooks: post-filter, msgCount=3
[2026-02-04T07:03:02.361Z] message-hooks: about to search for OPENCODE_GENERIC
[2026-02-04T07:03:02.361Z] message-hooks: searching 3 messages for OPENCODE_GENERIC
[2026-02-04T07:03:02.361Z] message-hooks: generic search complete, found=false, index=-1
[2026-02-04T07:03:02.361Z] message-hooks: no generic part found, checking for pending prompt return
[2026-02-04T07:03:07.350Z] message-hooks: ENTRY msgCount=4, sessions=ses_3d88b262bffe0ZSvo4nRxUKYp1
[2026-02-04T07:03:07.350Z] message-hooks: MESSAGES: [0]user: text:"ls then read @README.md and take the "co..." | [1]assistant: step-start, reasoning, text:"I'll start by exploring the directory st...", tool:completed, tool:completed, tool:completed, tool:completed, step-finish | [2]assistant: step-start, reasoning, text:"The README.md is a standard Astro templa...", tool:completed, tool:completed, step-finish | [3]assistant: step-start, reasoning, tool:completed, step-finish
[2026-02-04T07:03:07.350Z] message-hooks: post-filter, msgCount=4
[2026-02-04T07:03:07.350Z] message-hooks: about to search for OPENCODE_GENERIC
[2026-02-04T07:03:07.350Z] message-hooks: searching 4 messages for OPENCODE_GENERIC
[2026-02-04T07:03:07.350Z] message-hooks: generic search complete, found=false, index=-1
[2026-02-04T07:03:07.350Z] message-hooks: no generic part found, checking for pending prompt return
[2026-02-04T07:03:10.767Z] message-hooks: ENTRY msgCount=5, sessions=ses_3d88b262bffe0ZSvo4nRxUKYp1
[2026-02-04T07:03:10.767Z] message-hooks: MESSAGES: [0]user: text:"ls then read @README.md and take the "co..." | [1]assistant: step-start, reasoning, text:"I'll start by exploring the directory st...", tool:completed, tool:completed, tool:completed, tool:completed, step-finish | [2]assistant: step-start, reasoning, text:"The README.md is a standard Astro templa...", tool:completed, tool:completed, step-finish | [3]assistant: step-start, reasoning, tool:completed, step-finish | [4]assistant: step-start, reasoning, tool:completed, tool:completed, step-finish
[2026-02-04T07:03:10.767Z] message-hooks: post-filter, msgCount=5
[2026-02-04T07:03:10.767Z] message-hooks: about to search for OPENCODE_GENERIC
[2026-02-04T07:03:10.767Z] message-hooks: searching 5 messages for OPENCODE_GENERIC
[2026-02-04T07:03:10.767Z] message-hooks: generic search complete, found=false, index=-1
[2026-02-04T07:03:10.767Z] message-hooks: no generic part found, checking for pending prompt return
[2026-02-04T07:03:16.393Z] message-hooks: ENTRY msgCount=6, sessions=ses_3d88b262bffe0ZSvo4nRxUKYp1
[2026-02-04T07:03:16.393Z] message-hooks: MESSAGES: [0]user: text:"ls then read @README.md and take the "co..." | [1]assistant: step-start, reasoning, text:"I'll start by exploring the directory st...", tool:completed, tool:completed, tool:completed, tool:completed, step-finish | [2]assistant: step-start, reasoning, text:"The README.md is a standard Astro templa...", tool:completed, tool:completed, step-finish | [3]assistant: step-start, reasoning, tool:completed, step-finish | [4]assistant: step-start, reasoning, tool:completed, tool:completed, step-finish | [5]assistant: step-start, reasoning, tool:completed, tool:completed, step-finish
[2026-02-04T07:03:16.393Z] message-hooks: post-filter, msgCount=6
[2026-02-04T07:03:16.393Z] message-hooks: about to search for OPENCODE_GENERIC
[2026-02-04T07:03:16.393Z] message-hooks: searching 6 messages for OPENCODE_GENERIC
[2026-02-04T07:03:16.393Z] message-hooks: generic search complete, found=false, index=-1
[2026-02-04T07:03:16.393Z] message-hooks: no generic part found, checking for pending prompt return
[2026-02-04T07:03:29.307Z] message-hooks: ENTRY msgCount=7, sessions=ses_3d88b262bffe0ZSvo4nRxUKYp1
[2026-02-04T07:03:29.307Z] message-hooks: MESSAGES: [0]user: text:"ls then read @README.md and take the "co..." | [1]assistant: step-start, reasoning, text:"I'll start by exploring the directory st...", tool:completed, tool:completed, tool:completed, tool:completed, step-finish | [2]assistant: step-start, reasoning, text:"The README.md is a standard Astro templa...", tool:completed, tool:completed, step-finish | [3]assistant: step-start, reasoning, tool:completed, step-finish | [4]assistant: step-start, reasoning, tool:completed, tool:completed, step-finish | [5]assistant: step-start, reasoning, tool:completed, tool:completed, step-finish | [6]assistant: step-start, reasoning, text:"Now I understand the project. This is an...", tool:completed, tool:completed, step-finish
[2026-02-04T07:03:29.307Z] message-hooks: post-filter, msgCount=7
[2026-02-04T07:03:29.307Z] message-hooks: about to search for OPENCODE_GENERIC
[2026-02-04T07:03:29.307Z] message-hooks: searching 7 messages for OPENCODE_GENERIC
[2026-02-04T07:03:29.307Z] message-hooks: generic search complete, found=false, index=-1
[2026-02-04T07:03:29.307Z] message-hooks: no generic part found, checking for pending prompt return
[2026-02-04T07:03:37.706Z] message-hooks: ENTRY msgCount=8, sessions=ses_3d88b262bffe0ZSvo4nRxUKYp1
[2026-02-04T07:03:37.706Z] message-hooks: MESSAGES: [0]user: text:"ls then read @README.md and take the "co..." | [1]assistant: step-start, reasoning, text:"I'll start by exploring the directory st...", tool:completed, tool:completed, tool:completed, tool:completed, step-finish | [2]assistant: step-start, reasoning, text:"The README.md is a standard Astro templa...", tool:completed, tool:completed, step-finish | [3]assistant: step-start, reasoning, tool:completed, step-finish | [4]assistant: step-start, reasoning, tool:completed, tool:completed, step-finish | [5]assistant: step-start, reasoning, tool:completed, tool:completed, step-finish | [6]assistant: step-start, reasoning, text:"Now I understand the project. This is an...", tool:completed, tool:completed, step-finish | [7]assistant: step-start, reasoning, text:"Excellent! I have the design system. Now...", tool:completed, tool:completed, step-finish
[2026-02-04T07:03:37.706Z] message-hooks: post-filter, msgCount=8
[2026-02-04T07:03:37.706Z] message-hooks: about to search for OPENCODE_GENERIC
[2026-02-04T07:03:37.706Z] message-hooks: searching 8 messages for OPENCODE_GENERIC
[2026-02-04T07:03:37.706Z] message-hooks: generic search complete, found=false, index=-1
[2026-02-04T07:03:37.706Z] message-hooks: no generic part found, checking for pending prompt return
[2026-02-04T07:03:48.387Z] message-hooks: ENTRY msgCount=9, sessions=ses_3d88b262bffe0ZSvo4nRxUKYp1
[2026-02-04T07:03:48.387Z] message-hooks: MESSAGES: [0]user: text:"ls then read @README.md and take the "co..." | [1]assistant: step-start, reasoning, text:"I'll start by exploring the directory st...", tool:completed, tool:completed, tool:completed, tool:completed, step-finish | [2]assistant: step-start, reasoning, text:"The README.md is a standard Astro templa...", tool:completed, tool:completed, step-finish | [3]assistant: step-start, reasoning, tool:completed, step-finish | [4]assistant: step-start, reasoning, tool:completed, tool:completed, step-finish | [5]assistant: step-start, reasoning, tool:completed, tool:completed, step-finish | [6]assistant: step-start, reasoning, text:"Now I understand the project. This is an...", tool:completed, tool:completed, step-finish | [7]assistant: step-start, reasoning, text:"Excellent! I have the design system. Now...", tool:completed, tool:completed, step-finish | [8]assistant: step-start, reasoning, text:"Now let me update the todo and generate ...", tool:completed, tool:completed, step-finish
[2026-02-04T07:03:48.387Z] message-hooks: post-filter, msgCount=9
[2026-02-04T07:03:48.387Z] message-hooks: about to search for OPENCODE_GENERIC
[2026-02-04T07:03:48.387Z] message-hooks: searching 9 messages for OPENCODE_GENERIC
[2026-02-04T07:03:48.387Z] message-hooks: generic search complete, found=false, index=-1
[2026-02-04T07:03:48.387Z] message-hooks: no generic part found, checking for pending prompt return
[2026-02-04T07:04:03.238Z] message-hooks: ENTRY msgCount=10, sessions=ses_3d88b262bffe0ZSvo4nRxUKYp1
[2026-02-04T07:04:03.238Z] message-hooks: MESSAGES: [0]user: text:"ls then read @README.md and take the "co..." | [1]assistant: step-start, reasoning, text:"I'll start by exploring the directory st...", tool:completed, tool:completed, tool:completed, tool:completed, step-finish | [2]assistant: step-start, reasoning, text:"The README.md is a standard Astro templa...", tool:completed, tool:completed, step-finish | [3]assistant: step-start, reasoning, tool:completed, step-finish | [4]assistant: step-start, reasoning, tool:completed, tool:completed, step-finish | [5]assistant: step-start, reasoning, tool:completed, tool:completed, step-finish | [6]assistant: step-start, reasoning, text:"Now I understand the project. This is an...", tool:completed, tool:completed, step-finish | [7]assistant: step-start, reasoning, text:"Excellent! I have the design system. Now...", tool:completed, tool:completed, step-finish | [8]assistant: step-start, reasoning, text:"Now let me update the todo and generate ...", tool:completed, tool:completed, step-finish | [9]assistant: step-start, reasoning, tool:completed, tool:completed, tool:completed, step-finish
[2026-02-04T07:04:03.238Z] message-hooks: post-filter, msgCount=10
[2026-02-04T07:04:03.238Z] message-hooks: about to search for OPENCODE_GENERIC
[2026-02-04T07:04:03.238Z] message-hooks: searching 10 messages for OPENCODE_GENERIC
[2026-02-04T07:04:03.238Z] message-hooks: generic search complete, found=false, index=-1
[2026-02-04T07:04:03.238Z] message-hooks: no generic part found, checking for pending prompt return
[2026-02-04T07:04:17.196Z] message-hooks: ENTRY msgCount=11, sessions=ses_3d88b262bffe0ZSvo4nRxUKYp1
[2026-02-04T07:04:17.196Z] message-hooks: MESSAGES: [0]user: text:"ls then read @README.md and take the "co..." | [1]assistant: step-start, reasoning, text:"I'll start by exploring the directory st...", tool:completed, tool:completed, tool:completed, tool:completed, step-finish | [2]assistant: step-start, reasoning, text:"The README.md is a standard Astro templa...", tool:completed, tool:completed, step-finish | [3]assistant: step-start, reasoning, tool:completed, step-finish | [4]assistant: step-start, reasoning, tool:completed, tool:completed, step-finish | [5]assistant: step-start, reasoning, tool:completed, tool:completed, step-finish | [6]assistant: step-start, reasoning, text:"Now I understand the project. This is an...", tool:completed, tool:completed, step-finish | [7]assistant: step-start, reasoning, text:"Excellent! I have the design system. Now...", tool:completed, tool:completed, step-finish | [8]assistant: step-start, reasoning, text:"Now let me update the todo and generate ...", tool:completed, tool:completed, step-finish | [9]assistant: step-start, reasoning, tool:completed, tool:completed, tool:completed, step-finish | [10]assistant: step-start, reasoning, tool:completed, tool:completed, tool:completed, step-finish
[2026-02-04T07:04:17.196Z] message-hooks: post-filter, msgCount=11
[2026-02-04T07:04:17.196Z] message-hooks: about to search for OPENCODE_GENERIC
[2026-02-04T07:04:17.196Z] message-hooks: searching 11 messages for OPENCODE_GENERIC
[2026-02-04T07:04:17.196Z] message-hooks: generic search complete, found=false, index=-1
[2026-02-04T07:04:17.196Z] message-hooks: no generic part found, checking for pending prompt return
[2026-02-04T07:04:26.001Z] message-hooks: ENTRY msgCount=12, sessions=ses_3d88b262bffe0ZSvo4nRxUKYp1
[2026-02-04T07:04:26.001Z] message-hooks: MESSAGES: [0]user: text:"ls then read @README.md and take the "co..." | [1]assistant: step-start, reasoning, text:"I'll start by exploring the directory st...", tool:completed, tool:completed, tool:completed, tool:completed, step-finish | [2]assistant: step-start, reasoning, text:"The README.md is a standard Astro templa...", tool:completed, tool:completed, step-finish | [3]assistant: step-start, reasoning, tool:completed, step-finish | [4]assistant: step-start, reasoning, tool:completed, tool:completed, step-finish | [5]assistant: step-start, reasoning, tool:completed, tool:completed, step-finish | [6]assistant: step-start, reasoning, text:"Now I understand the project. This is an...", tool:completed, tool:completed, step-finish | [7]assistant: step-start, reasoning, text:"Excellent! I have the design system. Now...", tool:completed, tool:completed, step-finish | [8]assistant: step-start, reasoning, text:"Now let me update the todo and generate ...", tool:completed, tool:completed, step-finish | [9]assistant: step-start, reasoning, tool:completed, tool:completed, tool:completed, step-finish | [10]assistant: step-start, reasoning, tool:completed, tool:completed, tool:completed, step-finish | [11]assistant: step-start, reasoning, text:"The API key isn't configured for image-g...", tool:completed, step-finish
[2026-02-04T07:04:26.001Z] message-hooks: post-filter, msgCount=12
[2026-02-04T07:04:26.001Z] message-hooks: about to search for OPENCODE_GENERIC
[2026-02-04T07:04:26.001Z] message-hooks: searching 12 messages for OPENCODE_GENERIC
[2026-02-04T07:04:26.001Z] message-hooks: generic search complete, found=false, index=-1
[2026-02-04T07:04:26.001Z] message-hooks: no generic part found, checking for pending prompt return
[2026-02-04T07:06:28.701Z] session.idle: sessionID=ses_3d88b262bffe0ZSvo4nRxUKYp1
[2026-02-04T07:10:27.916Z] message-hooks: ENTRY msgCount=1, sessions=ses_3d889b741ffel3QE27ARFYAWMS
[2026-02-04T07:10:27.916Z] message-hooks: MESSAGES: [0]user: text:"Activate the ui-ux-pro-max skill and fol..."
[2026-02-04T07:10:27.916Z] message-hooks: post-filter, msgCount=1
[2026-02-04T07:10:27.916Z] message-hooks: about to search for OPENCODE_GENERIC
[2026-02-04T07:10:27.916Z] message-hooks: searching 1 messages for OPENCODE_GENERIC
[2026-02-04T07:10:27.916Z] message-hooks: generic search complete, found=false, index=-1
[2026-02-04T07:10:27.916Z] message-hooks: no generic part found, checking for pending prompt return
[2026-02-04T07:10:31.496Z] message-hooks: ENTRY msgCount=14, sessions=ses_3d88b262bffe0ZSvo4nRxUKYp1
[2026-02-04T07:10:31.496Z] message-hooks: MESSAGES: [0]user: text:"ls then read @README.md and take the "co..." | [1]assistant: step-start, reasoning, text:"I'll start by exploring the directory st...", tool:completed, tool:completed, tool:completed, tool:completed, step-finish | [2]assistant: step-start, reasoning, text:"The README.md is a standard Astro templa...", tool:completed, tool:completed, step-finish | [3]assistant: step-start, reasoning, tool:completed, step-finish | [4]assistant: step-start, reasoning, tool:completed, tool:completed, step-finish | [5]assistant: step-start, reasoning, tool:completed, tool:completed, step-finish | [6]assistant: step-start, reasoning, text:"Now I understand the project. This is an...", tool:completed, tool:completed, step-finish | [7]assistant: step-start, reasoning, text:"Excellent! I have the design system. Now...", tool:completed, tool:completed, step-finish | [8]assistant: step-start, reasoning, text:"Now let me update the todo and generate ...", tool:completed, tool:completed, step-finish | [9]assistant: step-start, reasoning, tool:completed, tool:completed, tool:completed, step-finish | [10]assistant: step-start, reasoning, tool:completed, tool:completed, tool:completed, step-finish | [11]assistant: step-start, reasoning, text:"The API key isn't configured for image-g...", tool:completed, step-finish | [12]assistant: step-start, reasoning, text:"Now let me create the conversion-optimiz...", tool:error, step-finish | [13]user: text:"retry"
[2026-02-04T07:10:31.496Z] message-hooks: post-filter, msgCount=14
[2026-02-04T07:10:31.496Z] message-hooks: about to search for OPENCODE_GENERIC
[2026-02-04T07:10:31.496Z] message-hooks: searching 14 messages for OPENCODE_GENERIC
[2026-02-04T07:10:31.496Z] message-hooks: generic search complete, found=false, index=-1
[2026-02-04T07:10:31.496Z] message-hooks: no generic part found, checking for pending prompt return
[2026-02-04T07:10:38.020Z] message-hooks: ENTRY msgCount=2, sessions=ses_3d889b741ffel3QE27ARFYAWMS
[2026-02-04T07:10:38.020Z] message-hooks: MESSAGES: [0]user: text:"Activate the ui-ux-pro-max skill and fol..." | [1]assistant: step-start, reasoning, text:"I'll help you create a stunning portfoli...", tool:completed, step-finish
[2026-02-04T07:10:38.020Z] message-hooks: post-filter, msgCount=2
[2026-02-04T07:10:38.020Z] message-hooks: about to search for OPENCODE_GENERIC
[2026-02-04T07:10:38.020Z] message-hooks: searching 2 messages for OPENCODE_GENERIC
[2026-02-04T07:10:38.020Z] message-hooks: generic search complete, found=false, index=-1
[2026-02-04T07:10:38.020Z] message-hooks: no generic part found, checking for pending prompt return
[2026-02-04T07:10:48.408Z] message-hooks: ENTRY msgCount=3, sessions=ses_3d889b741ffel3QE27ARFYAWMS
[2026-02-04T07:10:48.408Z] message-hooks: MESSAGES: [0]user: text:"Activate the ui-ux-pro-max skill and fol..." | [1]assistant: step-start, reasoning, text:"I'll help you create a stunning portfoli...", tool:completed, step-finish | [2]assistant: step-start, reasoning, text:"Now let me follow the 5-step workflow to...", tool:completed, step-finish
[2026-02-04T07:10:48.408Z] message-hooks: post-filter, msgCount=3
[2026-02-04T07:10:48.408Z] message-hooks: about to search for OPENCODE_GENERIC
[2026-02-04T07:10:48.408Z] message-hooks: searching 3 messages for OPENCODE_GENERIC
[2026-02-04T07:10:48.408Z] message-hooks: generic search complete, found=false, index=-1
[2026-02-04T07:10:48.408Z] message-hooks: no generic part found, checking for pending prompt return
[2026-02-04T07:11:31.364Z] session.idle: sessionID=ses_3d889b741ffel3QE27ARFYAWMS
[2026-02-04T07:13:00.187Z] message-hooks: ENTRY msgCount=5, sessions=ses_3d889b741ffel3QE27ARFYAWMS
[2026-02-04T07:13:00.187Z] message-hooks: MESSAGES: [0]user: text:"Activate the ui-ux-pro-max skill and fol..." | [1]assistant: step-start, reasoning, text:"I'll help you create a stunning portfoli...", tool:completed, step-finish | [2]assistant: step-start, reasoning, text:"Now let me follow the 5-step workflow to...", tool:completed, step-finish | [3]assistant: step-start | [4]user: text:"continue"
[2026-02-04T07:13:00.187Z] message-hooks: post-filter, msgCount=5
[2026-02-04T07:13:00.187Z] message-hooks: about to search for OPENCODE_GENERIC
[2026-02-04T07:13:00.187Z] message-hooks: searching 5 messages for OPENCODE_GENERIC
[2026-02-04T07:13:00.187Z] message-hooks: generic search complete, found=false, index=-1
[2026-02-04T07:13:00.187Z] message-hooks: no generic part found, checking for pending prompt return
[2026-02-04T07:13:04.063Z] message-hooks: ENTRY msgCount=6, sessions=ses_3d889b741ffel3QE27ARFYAWMS
[2026-02-04T07:13:04.063Z] message-hooks: MESSAGES: [0]user: text:"Activate the ui-ux-pro-max skill and fol..." | [1]assistant: step-start, reasoning, text:"I'll help you create a stunning portfoli...", tool:completed, step-finish | [2]assistant: step-start, reasoning, text:"Now let me follow the 5-step workflow to...", tool:completed, step-finish | [3]assistant: step-start | [4]user: text:"continue" | [5]assistant: step-start, reasoning, tool:completed, step-finish
[2026-02-04T07:13:04.063Z] message-hooks: post-filter, msgCount=6
[2026-02-04T07:13:04.063Z] message-hooks: about to search for OPENCODE_GENERIC
[2026-02-04T07:13:04.063Z] message-hooks: searching 6 messages for OPENCODE_GENERIC
[2026-02-04T07:13:04.063Z] message-hooks: generic search complete, found=false, index=-1
[2026-02-04T07:13:04.063Z] message-hooks: no generic part found, checking for pending prompt return
[2026-02-04T07:13:14.256Z] message-hooks: ENTRY msgCount=7, sessions=ses_3d889b741ffel3QE27ARFYAWMS
[2026-02-04T07:13:14.256Z] message-hooks: MESSAGES: [0]user: text:"Activate the ui-ux-pro-max skill and fol..." | [1]assistant: step-start, reasoning, text:"I'll help you create a stunning portfoli...", tool:completed, step-finish | [2]assistant: step-start, reasoning, text:"Now let me follow the 5-step workflow to...", tool:completed, step-finish | [3]assistant: step-start | [4]user: text:"continue" | [5]assistant: step-start, reasoning, tool:completed, step-finish | [6]assistant: step-start, reasoning, text:"Let me proceed with the workflow using t...", tool:completed, step-finish
[2026-02-04T07:13:14.256Z] message-hooks: post-filter, msgCount=7
[2026-02-04T07:13:14.256Z] message-hooks: about to search for OPENCODE_GENERIC
[2026-02-04T07:13:14.256Z] message-hooks: searching 7 messages for OPENCODE_GENERIC
[2026-02-04T07:13:14.256Z] message-hooks: generic search complete, found=false, index=-1
[2026-02-04T07:13:14.256Z] message-hooks: no generic part found, checking for pending prompt return
[2026-02-04T07:13:20.404Z] message-hooks: ENTRY msgCount=8, sessions=ses_3d889b741ffel3QE27ARFYAWMS
[2026-02-04T07:13:20.404Z] message-hooks: MESSAGES: [0]user: text:"Activate the ui-ux-pro-max skill and fol..." | [1]assistant: step-start, reasoning, text:"I'll help you create a stunning portfoli...", tool:completed, step-finish | [2]assistant: step-start, reasoning, text:"Now let me follow the 5-step workflow to...", tool:completed, step-finish | [3]assistant: step-start | [4]user: text:"continue" | [5]assistant: step-start, reasoning, tool:completed, step-finish | [6]assistant: step-start, reasoning, text:"Let me proceed with the workflow using t...", tool:completed, step-finish | [7]assistant: step-start, reasoning, text:"Now let me generate the visual assets fo...", tool:completed, tool:completed, step-finish
[2026-02-04T07:13:20.404Z] message-hooks: post-filter, msgCount=8
[2026-02-04T07:13:20.404Z] message-hooks: about to search for OPENCODE_GENERIC
[2026-02-04T07:13:20.404Z] message-hooks: searching 8 messages for OPENCODE_GENERIC
[2026-02-04T07:13:20.404Z] message-hooks: generic search complete, found=false, index=-1
[2026-02-04T07:13:20.404Z] message-hooks: no generic part found, checking for pending prompt return
[2026-02-04T07:18:50.645Z] message-hooks: ENTRY msgCount=15, sessions=ses_3d88b262bffe0ZSvo4nRxUKYp1
[2026-02-04T07:18:50.645Z] message-hooks: MESSAGES: [0]user: text:"ls then read @README.md and take the "co..." | [1]assistant: step-start, reasoning, text:"I'll start by exploring the directory st...", tool:completed, tool:completed, tool:completed, tool:completed, step-finish | [2]assistant: step-start, reasoning, text:"The README.md is a standard Astro templa...", tool:completed, tool:completed, step-finish | [3]assistant: step-start, reasoning, tool:completed, step-finish | [4]assistant: step-start, reasoning, tool:completed, tool:completed, step-finish | [5]assistant: step-start, reasoning, tool:completed, tool:completed, step-finish | [6]assistant: step-start, reasoning, text:"Now I understand the project. This is an...", tool:completed, tool:completed, step-finish | [7]assistant: step-start, reasoning, text:"Excellent! I have the design system. Now...", tool:completed, tool:completed, step-finish | [8]assistant: step-start, reasoning, text:"Now let me update the todo and generate ...", tool:completed, tool:completed, step-finish | [9]assistant: step-start, reasoning, tool:completed, tool:completed, tool:completed, step-finish | [10]assistant: step-start, reasoning, tool:completed, tool:completed, tool:completed, step-finish | [11]assistant: step-start, reasoning, text:"The API key isn't configured for image-g...", tool:completed, step-finish | [12]assistant: step-start, reasoning, text:"Now let me create the conversion-optimiz...", tool:error, step-finish | [13]user: text:"retry" | [14]assistant: step-start, reasoning, tool:completed, step-finish, patch
[2026-02-04T07:18:50.645Z] message-hooks: post-filter, msgCount=15
[2026-02-04T07:18:50.645Z] message-hooks: about to search for OPENCODE_GENERIC
[2026-02-04T07:18:50.645Z] message-hooks: searching 15 messages for OPENCODE_GENERIC
[2026-02-04T07:18:50.645Z] message-hooks: generic search complete, found=false, index=-1
[2026-02-04T07:18:50.645Z] message-hooks: no generic part found, checking for pending prompt return
[2026-02-04T07:19:05.011Z] message-hooks: ENTRY msgCount=16, sessions=ses_3d88b262bffe0ZSvo4nRxUKYp1
[2026-02-04T07:19:05.011Z] message-hooks: MESSAGES: [0]user: text:"ls then read @README.md and take the "co..." | [1]assistant: step-start, reasoning, text:"I'll start by exploring the directory st...", tool:completed, tool:completed, tool:completed, tool:completed, step-finish | [2]assistant: step-start, reasoning, text:"The README.md is a standard Astro templa...", tool:completed, tool:completed, step-finish | [3]assistant: step-start, reasoning, tool:completed, step-finish | [4]assistant: step-start, reasoning, tool:completed, tool:completed, step-finish | [5]assistant: step-start, reasoning, tool:completed, tool:completed, step-finish | [6]assistant: step-start, reasoning, text:"Now I understand the project. This is an...", tool:completed, tool:completed, step-finish | [7]assistant: step-start, reasoning, text:"Excellent! I have the design system. Now...", tool:completed, tool:completed, step-finish | [8]assistant: step-start, reasoning, text:"Now let me update the todo and generate ...", tool:completed, tool:completed, step-finish | [9]assistant: step-start, reasoning, tool:completed, tool:completed, tool:completed, step-finish | [10]assistant: step-start, reasoning, tool:completed, tool:completed, tool:completed, step-finish | [11]assistant: step-start, reasoning, text:"The API key isn't configured for image-g...", tool:completed, step-finish | [12]assistant: step-start, reasoning, text:"Now let me create the conversion-optimiz...", tool:error, step-finish | [13]user: text:"retry" | [14]assistant: step-start, reasoning, tool:completed, step-finish, patch | [15]assistant: step-start, reasoning, text:"The landing page has been created. Let m...", tool:completed, tool:completed, step-finish
[2026-02-04T07:19:05.011Z] message-hooks: post-filter, msgCount=16
[2026-02-04T07:19:05.011Z] message-hooks: about to search for OPENCODE_GENERIC
[2026-02-04T07:19:05.011Z] message-hooks: searching 16 messages for OPENCODE_GENERIC
[2026-02-04T07:19:05.011Z] message-hooks: generic search complete, found=false, index=-1
[2026-02-04T07:19:05.011Z] message-hooks: no generic part found, checking for pending prompt return
[2026-02-04T07:19:30.301Z] session.idle: sessionID=ses_3d88b262bffe0ZSvo4nRxUKYp1
[2026-02-04T07:26:54.103Z] message-hooks: ENTRY msgCount=9, sessions=ses_3d889b741ffel3QE27ARFYAWMS
[2026-02-04T07:26:54.103Z] message-hooks: MESSAGES: [0]user: text:"Activate the ui-ux-pro-max skill and fol..." | [1]assistant: step-start, reasoning, text:"I'll help you create a stunning portfoli...", tool:completed, step-finish | [2]assistant: step-start, reasoning, text:"Now let me follow the 5-step workflow to...", tool:completed, step-finish | [3]assistant: step-start | [4]user: text:"continue" | [5]assistant: step-start, reasoning, tool:completed, step-finish | [6]assistant: step-start, reasoning, text:"Let me proceed with the workflow using t...", tool:completed, step-finish | [7]assistant: step-start, reasoning, text:"Now let me generate the visual assets fo...", tool:completed, tool:completed, step-finish | [8]assistant: step-start, reasoning, text:"Let me create the stunning Midas portfol...", tool:completed, step-finish, patch
[2026-02-04T07:26:54.103Z] message-hooks: post-filter, msgCount=9
[2026-02-04T07:26:54.103Z] message-hooks: about to search for OPENCODE_GENERIC
[2026-02-04T07:26:54.103Z] message-hooks: searching 9 messages for OPENCODE_GENERIC
[2026-02-04T07:26:54.103Z] message-hooks: generic search complete, found=false, index=-1
[2026-02-04T07:26:54.103Z] message-hooks: no generic part found, checking for pending prompt return
[2026-02-04T07:27:05.955Z] message-hooks: ENTRY msgCount=10, sessions=ses_3d889b741ffel3QE27ARFYAWMS
[2026-02-04T07:27:05.955Z] message-hooks: MESSAGES: [0]user: text:"Activate the ui-ux-pro-max skill and fol..." | [1]assistant: step-start, reasoning, text:"I'll help you create a stunning portfoli...", tool:completed, step-finish | [2]assistant: step-start, reasoning, text:"Now let me follow the 5-step workflow to...", tool:completed, step-finish | [3]assistant: step-start | [4]user: text:"continue" | [5]assistant: step-start, reasoning, tool:completed, step-finish | [6]assistant: step-start, reasoning, text:"Let me proceed with the workflow using t...", tool:completed, step-finish | [7]assistant: step-start, reasoning, text:"Now let me generate the visual assets fo...", tool:completed, tool:completed, step-finish | [8]assistant: step-start, reasoning, text:"Let me create the stunning Midas portfol...", tool:completed, step-finish, patch | [9]assistant: step-start, reasoning, text:"I've created a stunning, comprehensive l...", tool:completed, step-finish
[2026-02-04T07:27:05.955Z] message-hooks: post-filter, msgCount=10
[2026-02-04T07:27:05.955Z] message-hooks: about to search for OPENCODE_GENERIC
[2026-02-04T07:27:05.955Z] message-hooks: searching 10 messages for OPENCODE_GENERIC
[2026-02-04T07:27:05.955Z] message-hooks: generic search complete, found=false, index=-1
[2026-02-04T07:27:05.955Z] message-hooks: no generic part found, checking for pending prompt return
[2026-02-04T07:27:22.229Z] session.idle: sessionID=ses_3d889b741ffel3QE27ARFYAWMS
[2026-02-04T07:28:12.458Z] message-hooks: ENTRY msgCount=18, sessions=ses_3d88b262bffe0ZSvo4nRxUKYp1
[2026-02-04T07:28:12.458Z] message-hooks: MESSAGES: [0]user: text:"ls then read @README.md and take the "co..." | [1]assistant: step-start, reasoning, text:"I'll start by exploring the directory st...", tool:completed, tool:completed, tool:completed, tool:completed, step-finish | [2]assistant: step-start, reasoning, text:"The README.md is a standard Astro templa...", tool:completed, tool:completed, step-finish | [3]assistant: step-start, reasoning, tool:completed, step-finish | [4]assistant: step-start, reasoning, tool:completed, tool:completed, step-finish | [5]assistant: step-start, reasoning, tool:completed, tool:completed, step-finish | [6]assistant: step-start, reasoning, text:"Now I understand the project. This is an...", tool:completed, tool:completed, step-finish | [7]assistant: step-start, reasoning, text:"Excellent! I have the design system. Now...", tool:completed, tool:completed, step-finish | [8]assistant: step-start, reasoning, text:"Now let me update the todo and generate ...", tool:completed, tool:completed, step-finish | [9]assistant: step-start, reasoning, tool:completed, tool:completed, tool:completed, step-finish | [10]assistant: step-start, reasoning, tool:completed, tool:completed, tool:completed, step-finish | [11]assistant: step-start, reasoning, text:"The API key isn't configured for image-g...", tool:completed, step-finish | [12]assistant: step-start, reasoning, text:"Now let me create the conversion-optimiz...", tool:error, step-finish | [13]user: text:"retry" | [14]assistant: step-start, reasoning, tool:completed, step-finish, patch | [15]assistant: step-start, reasoning, text:"The landing page has been created. Let m...", tool:completed, tool:completed, step-finish | [16]assistant: step-start, reasoning, text:"I've successfully created an impressive ...", step-finish | [17]user: text:"move to this directory"
[2026-02-04T07:28:12.458Z] message-hooks: post-filter, msgCount=18
[2026-02-04T07:28:12.458Z] message-hooks: about to search for OPENCODE_GENERIC
[2026-02-04T07:28:12.458Z] message-hooks: searching 18 messages for OPENCODE_GENERIC
[2026-02-04T07:28:12.458Z] message-hooks: generic search complete, found=false, index=-1
[2026-02-04T07:28:12.458Z] message-hooks: no generic part found, checking for pending prompt return
[2026-02-04T07:28:15.857Z] session.idle: sessionID=ses_3d88b262bffe0ZSvo4nRxUKYp1
[2026-02-04T07:28:18.296Z] message-hooks: ENTRY msgCount=20, sessions=ses_3d88b262bffe0ZSvo4nRxUKYp1
[2026-02-04T07:28:18.296Z] message-hooks: MESSAGES: [0]user: text:"ls then read @README.md and take the "co..." | [1]assistant: step-start, reasoning, text:"I'll start by exploring the directory st...", tool:completed, tool:completed, tool:completed, tool:completed, step-finish | [2]assistant: step-start, reasoning, text:"The README.md is a standard Astro templa...", tool:completed, tool:completed, step-finish | [3]assistant: step-start, reasoning, tool:completed, step-finish | [4]assistant: step-start, reasoning, tool:completed, tool:completed, step-finish | [5]assistant: step-start, reasoning, tool:completed, tool:completed, step-finish | [6]assistant: step-start, reasoning, text:"Now I understand the project. This is an...", tool:completed, tool:completed, step-finish | [7]assistant: step-start, reasoning, text:"Excellent! I have the design system. Now...", tool:completed, tool:completed, step-finish | [8]assistant: step-start, reasoning, text:"Now let me update the todo and generate ...", tool:completed, tool:completed, step-finish | [9]assistant: step-start, reasoning, tool:completed, tool:completed, tool:completed, step-finish | [10]assistant: step-start, reasoning, tool:completed, tool:completed, tool:completed, step-finish | [11]assistant: step-start, reasoning, text:"The API key isn't configured for image-g...", tool:completed, step-finish | [12]assistant: step-start, reasoning, text:"Now let me create the conversion-optimiz...", tool:error, step-finish | [13]user: text:"retry" | [14]assistant: step-start, reasoning, tool:completed, step-finish, patch | [15]assistant: step-start, reasoning, text:"The landing page has been created. Let m...", tool:completed, tool:completed, step-finish | [16]assistant: step-start, reasoning, text:"I've successfully created an impressive ...", step-finish | [17]user: text:"move to this directory" | [18]assistant:  | [19]user: text:"move to this directory"
[2026-02-04T07:28:18.296Z] message-hooks: post-filter, msgCount=20
[2026-02-04T07:28:18.296Z] message-hooks: about to search for OPENCODE_GENERIC
[2026-02-04T07:28:18.296Z] message-hooks: searching 20 messages for OPENCODE_GENERIC
[2026-02-04T07:28:18.296Z] message-hooks: generic search complete, found=false, index=-1
[2026-02-04T07:28:18.296Z] message-hooks: no generic part found, checking for pending prompt return
[2026-02-04T07:28:50.688Z] session.idle: sessionID=ses_3d88b262bffe0ZSvo4nRxUKYp1
[2026-02-04T07:29:00.200Z] message-hooks: ENTRY msgCount=22, sessions=ses_3d88b262bffe0ZSvo4nRxUKYp1
[2026-02-04T07:29:00.200Z] message-hooks: MESSAGES: [0]user: text:"ls then read @README.md and take the "co..." | [1]assistant: step-start, reasoning, text:"I'll start by exploring the directory st...", tool:completed, tool:completed, tool:completed, tool:completed, step-finish | [2]assistant: step-start, reasoning, text:"The README.md is a standard Astro templa...", tool:completed, tool:completed, step-finish | [3]assistant: step-start, reasoning, tool:completed, step-finish | [4]assistant: step-start, reasoning, tool:completed, tool:completed, step-finish | [5]assistant: step-start, reasoning, tool:completed, tool:completed, step-finish | [6]assistant: step-start, reasoning, text:"Now I understand the project. This is an...", tool:completed, tool:completed, step-finish | [7]assistant: step-start, reasoning, text:"Excellent! I have the design system. Now...", tool:completed, tool:completed, step-finish | [8]assistant: step-start, reasoning, text:"Now let me update the todo and generate ...", tool:completed, tool:completed, step-finish | [9]assistant: step-start, reasoning, tool:completed, tool:completed, tool:completed, step-finish | [10]assistant: step-start, reasoning, tool:completed, tool:completed, tool:completed, step-finish | [11]assistant: step-start, reasoning, text:"The API key isn't configured for image-g...", tool:completed, step-finish | [12]assistant: step-start, reasoning, text:"Now let me create the conversion-optimiz...", tool:error, step-finish | [13]user: text:"retry" | [14]assistant: step-start, reasoning, tool:completed, step-finish, patch | [15]assistant: step-start, reasoning, text:"The landing page has been created. Let m...", tool:completed, tool:completed, step-finish | [16]assistant: step-start, reasoning, text:"I've successfully created an impressive ...", step-finish | [17]user: text:"move to this directory" | [18]assistant:  | [19]user: text:"move to this directory" | [20]assistant: step-start, reasoning, text:"I'd be happy to help you move to a direc...", step-finish | [21]user: text:"top13"
[2026-02-04T07:29:00.200Z] message-hooks: post-filter, msgCount=22
[2026-02-04T07:29:00.200Z] message-hooks: about to search for OPENCODE_GENERIC
[2026-02-04T07:29:00.200Z] message-hooks: searching 22 messages for OPENCODE_GENERIC
[2026-02-04T07:29:00.200Z] message-hooks: generic search complete, found=false, index=-1
[2026-02-04T07:29:00.200Z] message-hooks: no generic part found, checking for pending prompt return
[2026-02-04T07:29:06.166Z] message-hooks: ENTRY msgCount=23, sessions=ses_3d88b262bffe0ZSvo4nRxUKYp1
[2026-02-04T07:29:06.166Z] message-hooks: MESSAGES: [0]user: text:"ls then read @README.md and take the "co..." | [1]assistant: step-start, reasoning, text:"I'll start by exploring the directory st...", tool:completed, tool:completed, tool:completed, tool:completed, step-finish | [2]assistant: step-start, reasoning, text:"The README.md is a standard Astro templa...", tool:completed, tool:completed, step-finish | [3]assistant: step-start, reasoning, tool:completed, step-finish | [4]assistant: step-start, reasoning, tool:completed, tool:completed, step-finish | [5]assistant: step-start, reasoning, tool:completed, tool:completed, step-finish | [6]assistant: step-start, reasoning, text:"Now I understand the project. This is an...", tool:completed, tool:completed, step-finish | [7]assistant: step-start, reasoning, text:"Excellent! I have the design system. Now...", tool:completed, tool:completed, step-finish | [8]assistant: step-start, reasoning, text:"Now let me update the todo and generate ...", tool:completed, tool:completed, step-finish | [9]assistant: step-start, reasoning, tool:completed, tool:completed, tool:completed, step-finish | [10]assistant: step-start, reasoning, tool:completed, tool:completed, tool:completed, step-finish | [11]assistant: step-start, reasoning, text:"The API key isn't configured for image-g...", tool:completed, step-finish | [12]assistant: step-start, reasoning, text:"Now let me create the conversion-optimiz...", tool:error, step-finish | [13]user: text:"retry" | [14]assistant: step-start, reasoning, tool:completed, step-finish, patch | [15]assistant: step-start, reasoning, text:"The landing page has been created. Let m...", tool:completed, tool:completed, step-finish | [16]assistant: step-start, reasoning, text:"I've successfully created an impressive ...", step-finish | [17]user: text:"move to this directory" | [18]assistant:  | [19]user: text:"move to this directory" | [20]assistant: step-start, reasoning, text:"I'd be happy to help you move to a direc...", step-finish | [21]user: text:"top13" | [22]assistant: step-start, reasoning, tool:completed, step-finish
[2026-02-04T07:29:06.166Z] message-hooks: post-filter, msgCount=23
[2026-02-04T07:29:06.166Z] message-hooks: about to search for OPENCODE_GENERIC
[2026-02-04T07:29:06.166Z] message-hooks: searching 23 messages for OPENCODE_GENERIC
[2026-02-04T07:29:06.166Z] message-hooks: generic search complete, found=false, index=-1
[2026-02-04T07:29:06.166Z] message-hooks: no generic part found, checking for pending prompt return
[2026-02-04T07:29:10.902Z] message-hooks: ENTRY msgCount=24, sessions=ses_3d88b262bffe0ZSvo4nRxUKYp1
[2026-02-04T07:29:10.902Z] message-hooks: MESSAGES: [0]user: text:"ls then read @README.md and take the "co..." | [1]assistant: step-start, reasoning, text:"I'll start by exploring the directory st...", tool:completed, tool:completed, tool:completed, tool:completed, step-finish | [2]assistant: step-start, reasoning, text:"The README.md is a standard Astro templa...", tool:completed, tool:completed, step-finish | [3]assistant: step-start, reasoning, tool:completed, step-finish | [4]assistant: step-start, reasoning, tool:completed, tool:completed, step-finish | [5]assistant: step-start, reasoning, tool:completed, tool:completed, step-finish | [6]assistant: step-start, reasoning, text:"Now I understand the project. This is an...", tool:completed, tool:completed, step-finish | [7]assistant: step-start, reasoning, text:"Excellent! I have the design system. Now...", tool:completed, tool:completed, step-finish | [8]assistant: step-start, reasoning, text:"Now let me update the todo and generate ...", tool:completed, tool:completed, step-finish | [9]assistant: step-start, reasoning, tool:completed, tool:completed, tool:completed, step-finish | [10]assistant: step-start, reasoning, tool:completed, tool:completed, tool:completed, step-finish | [11]assistant: step-start, reasoning, text:"The API key isn't configured for image-g...", tool:completed, step-finish | [12]assistant: step-start, reasoning, text:"Now let me create the conversion-optimiz...", tool:error, step-finish | [13]user: text:"retry" | [14]assistant: step-start, reasoning, tool:completed, step-finish, patch | [15]assistant: step-start, reasoning, text:"The landing page has been created. Let m...", tool:completed, tool:completed, step-finish | [16]assistant: step-start, reasoning, text:"I've successfully created an impressive ...", step-finish | [17]user: text:"move to this directory" | [18]assistant:  | [19]user: text:"move to this directory" | [20]assistant: step-start, reasoning, text:"I'd be happy to help you move to a direc...", step-finish | [21]user: text:"top13" | [22]assistant: step-start, reasoning, tool:completed, step-finish | [23]assistant: step-start, reasoning, text:"Let me check what's in the top-13 direct...", tool:completed, step-finish
[2026-02-04T07:29:10.902Z] message-hooks: post-filter, msgCount=24
[2026-02-04T07:29:10.902Z] message-hooks: about to search for OPENCODE_GENERIC
[2026-02-04T07:29:10.902Z] message-hooks: searching 24 messages for OPENCODE_GENERIC
[2026-02-04T07:29:10.902Z] message-hooks: generic search complete, found=false, index=-1
[2026-02-04T07:29:10.902Z] message-hooks: no generic part found, checking for pending prompt return
[2026-02-04T07:29:15.805Z] message-hooks: ENTRY msgCount=25, sessions=ses_3d88b262bffe0ZSvo4nRxUKYp1
[2026-02-04T07:29:15.805Z] message-hooks: MESSAGES: [0]user: text:"ls then read @README.md and take the "co..." | [1]assistant: step-start, reasoning, text:"I'll start by exploring the directory st...", tool:completed, tool:completed, tool:completed, tool:completed, step-finish | [2]assistant: step-start, reasoning, text:"The README.md is a standard Astro templa...", tool:completed, tool:completed, step-finish | [3]assistant: step-start, reasoning, tool:completed, step-finish | [4]assistant: step-start, reasoning, tool:completed, tool:completed, step-finish | [5]assistant: step-start, reasoning, tool:completed, tool:completed, step-finish | [6]assistant: step-start, reasoning, text:"Now I understand the project. This is an...", tool:completed, tool:completed, step-finish | [7]assistant: step-start, reasoning, text:"Excellent! I have the design system. Now...", tool:completed, tool:completed, step-finish | [8]assistant: step-start, reasoning, text:"Now let me update the todo and generate ...", tool:completed, tool:completed, step-finish | [9]assistant: step-start, reasoning, tool:completed, tool:completed, tool:completed, step-finish | [10]assistant: step-start, reasoning, tool:completed, tool:completed, tool:completed, step-finish | [11]assistant: step-start, reasoning, text:"The API key isn't configured for image-g...", tool:completed, step-finish | [12]assistant: step-start, reasoning, text:"Now let me create the conversion-optimiz...", tool:error, step-finish | [13]user: text:"retry" | [14]assistant: step-start, reasoning, tool:completed, step-finish, patch | [15]assistant: step-start, reasoning, text:"The landing page has been created. Let m...", tool:completed, tool:completed, step-finish | [16]assistant: step-start, reasoning, text:"I've successfully created an impressive ...", step-finish | [17]user: text:"move to this directory" | [18]assistant:  | [19]user: text:"move to this directory" | [20]assistant: step-start, reasoning, text:"I'd be happy to help you move to a direc...", step-finish | [21]user: text:"top13" | [22]assistant: step-start, reasoning, tool:completed, step-finish | [23]assistant: step-start, reasoning, text:"Let me check what's in the top-13 direct...", tool:completed, step-finish | [24]assistant: step-start, reasoning, tool:completed, step-finish
[2026-02-04T07:29:15.805Z] message-hooks: post-filter, msgCount=25
[2026-02-04T07:29:15.805Z] message-hooks: about to search for OPENCODE_GENERIC
[2026-02-04T07:29:15.805Z] message-hooks: searching 25 messages for OPENCODE_GENERIC
[2026-02-04T07:29:15.805Z] message-hooks: generic search complete, found=false, index=-1
[2026-02-04T07:29:15.805Z] message-hooks: no generic part found, checking for pending prompt return
[2026-02-04T07:29:22.411Z] session.idle: sessionID=ses_3d88b262bffe0ZSvo4nRxUKYp1
[2026-02-04T07:31:08.819Z] message-hooks: ENTRY msgCount=27, sessions=ses_3d88b262bffe0ZSvo4nRxUKYp1
[2026-02-04T07:31:08.819Z] message-hooks: MESSAGES: [0]user: text:"ls then read @README.md and take the "co..." | [1]assistant: step-start, reasoning, text:"I'll start by exploring the directory st...", tool:completed, tool:completed, tool:completed, tool:completed, step-finish | [2]assistant: step-start, reasoning, text:"The README.md is a standard Astro templa...", tool:completed, tool:completed, step-finish | [3]assistant: step-start, reasoning, tool:completed, step-finish | [4]assistant: step-start, reasoning, tool:completed, tool:completed, step-finish | [5]assistant: step-start, reasoning, tool:completed, tool:completed, step-finish | [6]assistant: step-start, reasoning, text:"Now I understand the project. This is an...", tool:completed, tool:completed, step-finish | [7]assistant: step-start, reasoning, text:"Excellent! I have the design system. Now...", tool:completed, tool:completed, step-finish | [8]assistant: step-start, reasoning, text:"Now let me update the todo and generate ...", tool:completed, tool:completed, step-finish | [9]assistant: step-start, reasoning, tool:completed, tool:completed, tool:completed, step-finish | [10]assistant: step-start, reasoning, tool:completed, tool:completed, tool:completed, step-finish | [11]assistant: step-start, reasoning, text:"The API key isn't configured for image-g...", tool:completed, step-finish | [12]assistant: step-start, reasoning, text:"Now let me create the conversion-optimiz...", tool:error, step-finish | [13]user: text:"retry" | [14]assistant: step-start, reasoning, tool:completed, step-finish, patch | [15]assistant: step-start, reasoning, text:"The landing page has been created. Let m...", tool:completed, tool:completed, step-finish | [16]assistant: step-start, reasoning, text:"I've successfully created an impressive ...", step-finish | [17]user: text:"move to this directory" | [18]assistant:  | [19]user: text:"move to this directory" | [20]assistant: step-start, reasoning, text:"I'd be happy to help you move to a direc...", step-finish | [21]user: text:"top13" | [22]assistant: step-start, reasoning, tool:completed, step-finish | [23]assistant: step-start, reasoning, text:"Let me check what's in the top-13 direct...", tool:completed, step-finish | [24]assistant: step-start, reasoning, tool:completed, step-finish | [25]assistant: step-start, reasoning, text:"I'm now working in the **top-13** direct...", step-finish | [26]user: text:"make under a differentn name"
[2026-02-04T07:31:08.820Z] message-hooks: post-filter, msgCount=27
[2026-02-04T07:31:08.820Z] message-hooks: about to search for OPENCODE_GENERIC
[2026-02-04T07:31:08.820Z] message-hooks: searching 27 messages for OPENCODE_GENERIC
[2026-02-04T07:31:08.820Z] message-hooks: generic search complete, found=false, index=-1
[2026-02-04T07:31:08.820Z] message-hooks: no generic part found, checking for pending prompt return
[2026-02-04T07:31:15.795Z] message-hooks: ENTRY msgCount=29, sessions=ses_3d88b262bffe0ZSvo4nRxUKYp1
[2026-02-04T07:31:15.795Z] message-hooks: MESSAGES: [0]user: text:"ls then read @README.md and take the "co..." | [1]assistant: step-start, reasoning, text:"I'll start by exploring the directory st...", tool:completed, tool:completed, tool:completed, tool:completed, step-finish | [2]assistant: step-start, reasoning, text:"The README.md is a standard Astro templa...", tool:completed, tool:completed, step-finish | [3]assistant: step-start, reasoning, tool:completed, step-finish | [4]assistant: step-start, reasoning, tool:completed, tool:completed, step-finish | [5]assistant: step-start, reasoning, tool:completed, tool:completed, step-finish | [6]assistant: step-start, reasoning, text:"Now I understand the project. This is an...", tool:completed, tool:completed, step-finish | [7]assistant: step-start, reasoning, text:"Excellent! I have the design system. Now...", tool:completed, tool:completed, step-finish | [8]assistant: step-start, reasoning, text:"Now let me update the todo and generate ...", tool:completed, tool:completed, step-finish | [9]assistant: step-start, reasoning, tool:completed, tool:completed, tool:completed, step-finish | [10]assistant: step-start, reasoning, tool:completed, tool:completed, tool:completed, step-finish | [11]assistant: step-start, reasoning, text:"The API key isn't configured for image-g...", tool:completed, step-finish | [12]assistant: step-start, reasoning, text:"Now let me create the conversion-optimiz...", tool:error, step-finish | [13]user: text:"retry" | [14]assistant: step-start, reasoning, tool:completed, step-finish, patch | [15]assistant: step-start, reasoning, text:"The landing page has been created. Let m...", tool:completed, tool:completed, step-finish | [16]assistant: step-start, reasoning, text:"I've successfully created an impressive ...", step-finish | [17]user: text:"move to this directory" | [18]assistant:  | [19]user: text:"move to this directory" | [20]assistant: step-start, reasoning, text:"I'd be happy to help you move to a direc...", step-finish | [21]user: text:"top13" | [22]assistant: step-start, reasoning, tool:completed, step-finish | [23]assistant: step-start, reasoning, text:"Let me check what's in the top-13 direct...", tool:completed, step-finish | [24]assistant: step-start, reasoning, tool:completed, step-finish | [25]assistant: step-start, reasoning, text:"I'm now working in the **top-13** direct...", step-finish | [26]user: text:"make under a differentn name" | [27]assistant: step-start, reasoning, tool:completed, step-finish, patch | [28]user: text:"<system-reminder>
The user sent the foll..."
[2026-02-04T07:31:15.795Z] message-hooks: post-filter, msgCount=29
[2026-02-04T07:31:15.795Z] message-hooks: about to search for OPENCODE_GENERIC
[2026-02-04T07:31:15.795Z] message-hooks: searching 29 messages for OPENCODE_GENERIC
[2026-02-04T07:31:15.795Z] message-hooks: generic search complete, found=false, index=-1
[2026-02-04T07:31:15.795Z] message-hooks: no generic part found, checking for pending prompt return
[2026-02-04T07:31:39.332Z] message-hooks: ENTRY msgCount=30, sessions=ses_3d88b262bffe0ZSvo4nRxUKYp1
[2026-02-04T07:31:39.332Z] message-hooks: MESSAGES: [0]user: text:"ls then read @README.md and take the "co..." | [1]assistant: step-start, reasoning, text:"I'll start by exploring the directory st...", tool:completed, tool:completed, tool:completed, tool:completed, step-finish | [2]assistant: step-start, reasoning, text:"The README.md is a standard Astro templa...", tool:completed, tool:completed, step-finish | [3]assistant: step-start, reasoning, tool:completed, step-finish | [4]assistant: step-start, reasoning, tool:completed, tool:completed, step-finish | [5]assistant: step-start, reasoning, tool:completed, tool:completed, step-finish | [6]assistant: step-start, reasoning, text:"Now I understand the project. This is an...", tool:completed, tool:completed, step-finish | [7]assistant: step-start, reasoning, text:"Excellent! I have the design system. Now...", tool:completed, tool:completed, step-finish | [8]assistant: step-start, reasoning, text:"Now let me update the todo and generate ...", tool:completed, tool:completed, step-finish | [9]assistant: step-start, reasoning, tool:completed, tool:completed, tool:completed, step-finish | [10]assistant: step-start, reasoning, tool:completed, tool:completed, tool:completed, step-finish | [11]assistant: step-start, reasoning, text:"The API key isn't configured for image-g...", tool:completed, step-finish | [12]assistant: step-start, reasoning, text:"Now let me create the conversion-optimiz...", tool:error, step-finish | [13]user: text:"retry" | [14]assistant: step-start, reasoning, tool:completed, step-finish, patch | [15]assistant: step-start, reasoning, text:"The landing page has been created. Let m...", tool:completed, tool:completed, step-finish | [16]assistant: step-start, reasoning, text:"I've successfully created an impressive ...", step-finish | [17]user: text:"move to this directory" | [18]assistant:  | [19]user: text:"move to this directory" | [20]assistant: step-start, reasoning, text:"I'd be happy to help you move to a direc...", step-finish | [21]user: text:"top13" | [22]assistant: step-start, reasoning, tool:completed, step-finish | [23]assistant: step-start, reasoning, text:"Let me check what's in the top-13 direct...", tool:completed, step-finish | [24]assistant: step-start, reasoning, tool:completed, step-finish | [25]assistant: step-start, reasoning, text:"I'm now working in the **top-13** direct...", step-finish | [26]user: text:"make under a differentn name" | [27]assistant: step-start, reasoning, tool:completed, step-finish, patch | [28]user: text:"move the assets as well" | [29]assistant: step-start, reasoning, tool:completed, tool:completed, step-finish
[2026-02-04T07:31:39.332Z] message-hooks: post-filter, msgCount=30
[2026-02-04T07:31:39.332Z] message-hooks: about to search for OPENCODE_GENERIC
[2026-02-04T07:31:39.332Z] message-hooks: searching 30 messages for OPENCODE_GENERIC
[2026-02-04T07:31:39.332Z] message-hooks: generic search complete, found=false, index=-1
[2026-02-04T07:31:39.332Z] message-hooks: no generic part found, checking for pending prompt return
[2026-02-04T07:31:55.625Z] message-hooks: ENTRY msgCount=31, sessions=ses_3d88b262bffe0ZSvo4nRxUKYp1
[2026-02-04T07:31:55.625Z] message-hooks: MESSAGES: [0]user: text:"ls then read @README.md and take the "co..." | [1]assistant: step-start, reasoning, text:"I'll start by exploring the directory st...", tool:completed, tool:completed, tool:completed, tool:completed, step-finish | [2]assistant: step-start, reasoning, text:"The README.md is a standard Astro templa...", tool:completed, tool:completed, step-finish | [3]assistant: step-start, reasoning, tool:completed, step-finish | [4]assistant: step-start, reasoning, tool:completed, tool:completed, step-finish | [5]assistant: step-start, reasoning, tool:completed, tool:completed, step-finish | [6]assistant: step-start, reasoning, text:"Now I understand the project. This is an...", tool:completed, tool:completed, step-finish | [7]assistant: step-start, reasoning, text:"Excellent! I have the design system. Now...", tool:completed, tool:completed, step-finish | [8]assistant: step-start, reasoning, text:"Now let me update the todo and generate ...", tool:completed, tool:completed, step-finish | [9]assistant: step-start, reasoning, tool:completed, tool:completed, tool:completed, step-finish | [10]assistant: step-start, reasoning, tool:completed, tool:completed, tool:completed, step-finish | [11]assistant: step-start, reasoning, text:"The API key isn't configured for image-g...", tool:completed, step-finish | [12]assistant: step-start, reasoning, text:"Now let me create the conversion-optimiz...", tool:error, step-finish | [13]user: text:"retry" | [14]assistant: step-start, reasoning, tool:completed, step-finish, patch | [15]assistant: step-start, reasoning, text:"The landing page has been created. Let m...", tool:completed, tool:completed, step-finish | [16]assistant: step-start, reasoning, text:"I've successfully created an impressive ...", step-finish | [17]user: text:"move to this directory" | [18]assistant:  | [19]user: text:"move to this directory" | [20]assistant: step-start, reasoning, text:"I'd be happy to help you move to a direc...", step-finish | [21]user: text:"top13" | [22]assistant: step-start, reasoning, tool:completed, step-finish | [23]assistant: step-start, reasoning, text:"Let me check what's in the top-13 direct...", tool:completed, step-finish | [24]assistant: step-start, reasoning, tool:completed, step-finish | [25]assistant: step-start, reasoning, text:"I'm now working in the **top-13** direct...", step-finish | [26]user: text:"make under a differentn name" | [27]assistant: step-start, reasoning, tool:completed, step-finish, patch | [28]user: text:"move the assets as well" | [29]assistant: step-start, reasoning, tool:completed, tool:completed, step-finish | [30]assistant: step-start, reasoning, tool:completed, step-finish
[2026-02-04T07:31:55.625Z] message-hooks: post-filter, msgCount=31
[2026-02-04T07:31:55.625Z] message-hooks: about to search for OPENCODE_GENERIC
[2026-02-04T07:31:55.625Z] message-hooks: searching 31 messages for OPENCODE_GENERIC
[2026-02-04T07:31:55.625Z] message-hooks: generic search complete, found=false, index=-1
[2026-02-04T07:31:55.625Z] message-hooks: no generic part found, checking for pending prompt return
[2026-02-04T07:31:59.838Z] session.idle: sessionID=ses_3d88b262bffe0ZSvo4nRxUKYp1
